zbUpI2ylQC9TgBtSmnLvudIGpLpCUPIZEHYyW20565i3TCWaN0CiPJybWje69vVBPwYwI9ULl86PpokIk5SFsOnoS4koDCJWjeLaEXML5p7ws86w/M8sBEMtROhViyjsy1twh18C+pnX/87VA+BJSHlc8hJl+QyILdIQ4Ol6KW5Ei8YAJVKa9zVbI8O7trPs
JUmNhjQ8yaeAWNoxmSw6HmCR2vrVTlMYHgBshv4lqM67GEAym81JBph8AyRPVpGZktiB0Nwvu7FQRCYkA8tUWpL8aRxCo/+NZgREHSZSIHl8TgdzfDq5bQjW31V4hWMUCnPzwZanT6aJko2yWrD5j5wCqUzockXcSRQQxQ7C2YSq3VElO/G3sLP2
yWwQAtJPHWh6Ef3BP9FoPqnFxAh6/wJdBaflXSknw3nr+s+J4i9eWcdJhK3N4NSJGR8qagIQOSiUjh1vAaTuSbw0hHxyuP3mi9kBohjYSzBahzsdMhypxIz7MxUQYC7wU1/8nrL4QcjSN7epZiAMibaGCH1ciq/nLO6xSUhyV4EokUvQqvdbFYazBwIJNsWmSmRRCzzGgVi4ps14CTAYEV5WcUCK2Xnxq2X/lLPS
VUvGv1664F7S5/3nGFpRWDlbEW+h2Ve2z9AkiO1XOL/tONWxk8LPHur6udt/YOp9aqC9xMMXxmpZiu0DYy72qcamzZbKwq/O6vTPvfzgX98WWI+dEkyovffygvnempJ5jen7/8Ue7bc8NKMzoxT3w0f5rbJiWo+nx/KMexoX5KG7s/8=
5Or52gF4wDVm+VqKTx6g8ssLCryQht286drO3ruV10nsjFOy0+0UYSmn3CdhuFkp97uKVtbapdN7cM5FJuDxvKeHQuLFahHLpx7SscqmwY7u8msGFhRTNXhwO6daGMOlNlystevSvrGa6vbhAWl3ZyHuKX8AFL87pwTT+4s5YUqGygsvW5LwM14nwLm3s/M=
W72TmnA3yyK+ky5CCpZqd8sLCryQht286drO3ruV10nsnVu81eIVMymn3CdhuFkp97qKVtbapdN7cM5FJuDxvKeHQuLFahHLpx7SscqmwY7u8msGFhRTNXhwO6daGMOlNlystevSvrGa6vbhAWl3ZyHuKX8AFL87pwTT+4s5YUqGygsvW5LwM14nwLm3s/M=
Dx7JZcAphVjxXLQSRLXSw+kqJgRFkTL2gjsmOp5BCzoDZV43j7vuNAzmYXTJ2sSgV1FwMykN+rP7g107DdeY/404NXEzSa5eyvpZGx/gSr2KoJ2Eo5dmqnmKjUPDrhZp5qbtVipCD46K9O99XGA/nzZYb12yzMh9F/Kiub4aMrlt6Zu/ZZ4Ndxw0w3NDlFeDJ/mNcoLaL+fn8my7upeE4Zuz3w==
pmTS3tc1kQRZDs59SLbyYM22akoBpCZeRC1aXAhPJSk4yAUcG+hZRgt5wYIY+IuQ3Cf4PTJ8aSQMm/P1EABuENM/vH6y2AFoUpf3iWYATCk2JkhdXGrvh6wO8SlIkpfhqHGLsKrXm7UGE8ciCRYFBsrEkSs8pkG4OMYNmAlQWPHeNjGgivk5USvFv7Sz8g==
5CpgV39fdraKtYgozmTV6XM4MkPaY3GMdC/xlJ6X/BNBUXFB1NzkQS5I7Vu9F0jf/TjFUWMPHr56esm7z6A6nZqgjeSTV7bK6Qp947PuxonWpt22+gJ/Lnp0fx2MoA//Jlh/fcKMGN2HchJZDlpimZ3p65+1Xr0XrLRT0xNUp6M3+Z2Sspp/B3dyHBtKV9SBq7Pv
Z2vZknV7HdHSRSeYq9Lo6I8VrqpeWPFKCnQsS35+97u3QSX1US7LJpWMQz+FwNgmd0picYxvgtKFzqQ9l5ewvvLqS4koDCJWjeLaEXML5p7ws86w/M8sBEMtROhViyjsy1twh18C+pnX/87VA+BJSHlc8hJl+QyILdIQ4Ol6KW5Ei8YAJVKa9zVbI8O7trPs
EiriSfFhydu5BaarTIkbwLzvOUQ294SD+dGJ0XN2wkMjwyWrlTdQr+U43aF7LTbOMjoBaycAgg3iIDV0a7cemqFKNdNbDt65zqbFhuLilx4yNDdNJED3b57YB+16LPANTzJaKSZ6emmF6fPvrX6V52R0G4N79B8zz3klAsr619e/stQrIjfMsbOz9w==
p/RxPy+nqOp0jSmoweGQ6e7D2JqtgqhXU574gZxyyJ4rQdGKGPCbqP3+CPXytNl8bONjfZCI/ugz5ww28pBxMHKv54FmCFwRFn44FRwiX19M9mGhyBoHmcgpO3hqH2ttJivXKgkeFT7qHGHj/G7x4Fi+nRCJ2MgJPu6B6MqxSQkL/a+8s/o=
McfIpv0ZfB95+Bgi4VX999/j/050S6bLav4gBQdHtqg5eKumvKPp6e49xww6luntYbyuLV+qqY3wET7bj66yF8AHQ4n2MtFELiwNmuwfP4JaP9kINDgzfLCo36wTDBiJCFlOpVxIKv2J6G/4TM2Xcz+dBfJkVKk4VK4EKp9jOcNhR8T3ybjxee/fQyYumr1Ds1B2dQ5gmUzfZwpy3aqp+2++yuEipine9lKjNq7US6UwkENXMpjrlY58ZCXzkkbBUorusalp37c5DmGPeNSnq+8ka8ujuYk6fqrDv0PSSAMWh9hp37Ob
iL+D82sqpZv1nChPonu5Z8G3ZkcY5W8WWzoDUUQQeXs60UQcG+hZRgt5wYIY+IuQ2yb4PTJ8aSQMm/P1EABuENM/vH6y2AFoUpf3iWYATCk2JkhdXGrvh6wO8SlIkpfhqHGLsKrXm7UGE8ciCRYFBsrEkSs8pkG4OMYNmAlQWPHeNjGgivk5USvFv7Sz8g==
Jgu8B0Tg086Kv424DHjd2idUabjF1h37wqfbVGnYmHylJ9GgmPQrsy5HfQiLuCOog9hWFxOZ04bXEqVk+kYdmwz54FjQDB2mf8U4BaljWjcMvOmpHcjxX8t/02GrWB6GCzClPjYP9QVMlurN0eCza70cWOJ/BvEEldMiNu1iFClvC3C6umYbvfBwwnIlDqrFy1fm2nh/3kRk8wxgqwF0fC2XaGgDV6AzB/6aPf+TPoE7PMmMcRBiZn1FrGxFfqD0EebpagwHljT9LnrTnbdTFwPqs6g=
wzIcAeYvsMQHfoXHUv0QGU/+YkCFgyxQLl9lCfAE2l0PKudxbncHMIHA4b62+Vam9wLaZ2X3YM/1OM1BS2NHb4K6kct3QNItEiAFFDv3znoxykWz684umd6m1aYSIid+QrSnrfQApw+u2PfNKmygrd+y6olWOkqJlenjj52+ZUfU9IsjqzTPE795FeIaOoe3LzIky5J3vJGjs+c=
JzhQCCA6goLOdFI3Ly/fehkA572r3gZYmZMgWCpfYQH8FMZFawoDSRJHy/jFgCV2+onqXlNifv/5Z+xHcbhJycfz2/cmWjWzy7AeZVbgwVx3xzJCVeqhq/feIpHaptGuHjI7ZqaUw5UIMOtHahizheacHNV7Uk4RyqrGARFpZwcRLvnfcJQv2xdEg9t7OVEq1gr7j8sSQNOOZ7CZp7Pj
k+mR0q1QDmDOIwYh4EBlIcqYh2o5IlaB3hwXo9qr397/QWh9v9JytL+nM3gKdPCKmFflQbT6CtkZXANPpdDYFhcar4At/wJiZR7kTbeHsI6Suot5iJyi5m0ymmFTG+aukOMOQFxfrLSj/QSYdZso3KsLsHf/knopNy+OpSPwSXgZDDLixWmMOM0CUJDJaileJNsG8IXCGkfVi2Ozm6az3A==
dLF6WesdewkmXPjnBHi8INk5KvDTzpUuOCSnax4kFF9ffcLs+DlV+j01LL/1hPtgGwrEcdQibZJAg8ef0jtPePe1eQtli5iqi891SKAZ6AB/IMk/jD7rGh/XSSac7WQmb9KgyoUaGGR96bbIVTvU+A35WGSiqcWi8G10Unh9r6lZey/Wx6NOZBGnKby9p0XZb1bo8sXz9eJ+r7CfjuWZs90=
mDJRx+bdP3HAhSj/Sz9jkLi1ixOmoFJW4XgeCjZncNTFmoMnSJL0lLUhk9p75XkemGQzDKa5QaHSoNF4fMdLKdDcVkyjY4SiUsQ5dCKLz5VmHHQ1RjpwQby219vcUsn1iE4vvdgtM2xKSyMpdo9/vomKvZq6WCm33Hr55EiatUTJjGCtrmoJfGrlAU1b2Yeos+4=
wZE+P2lLWrWqw6pCmHCDCmXn4oF9wo7trqiercr9QqRg7LCnNoPjbxZjI/gbbT1yRoxkiteH0dgkoYRAU9jNL+h2N/qjXy2WWDVIJkMKZHrhkqSEoaHS2FHD+LhhQdz0BuGZggxlUCI8pUMpNSPrJuOrMkTNb40sOR+pGUMu7OIhO6mCwidUL8q9tbPx
1xCf9xZ1hTTZA/qSkaiHLWcF+LRg/r3TL6+nH3L7r3iX9dmBgkS4quuP1chA2cgAH2Bpv2z+yxp/l+mmfC1EJk8SQEolWnhkXSlWSPV7tPgtObjkAumlotCtlNLYPc+pubuPVqfjbmTxZ4k83edl2Y+WSHKls9Xinm8QH+6lubP9
BQVxUOnj0REgiBxvtGoBOJdrMfZ+Nku2NTyD72Uw2DZXeiQn4h8CQiV+ZO13Z7Cu0toL2Uh8osYtUhrBk/vmjtCDjuCcv6yU452EOLV7KPzrazDXP3J6CXdPDgXjEElYWWyyQgWJjBiNYtAwCYopfmS7hlBFIhpnlevjE1tGs/w=
O8ZfY00pgTKrtqed5rDb2GUF+KVi6LnTL6+nH3L7r3iX9dmHgkS4quuP1chA2cgAH2Bpv2z+yxp/l+mmfC1EJk8SQEolWnhkXSlWSPV7tPgtObjkAumlotCtlNLYPc+pubuPVqfjbmTxZ4k83edl2Y+WSHKls9Xinm8QH+6lubP9
kY8mLODre4sf10+v1WOhaZdrN+BiK0u2NTyD72Uw2DZXeiIn4h8CQiV+ZO13Z7Cu0toL2Uh8osYtUhrBk/vmjtCDjuCcv6yU452EOLV7KPzrazDXP3J6CXdPDgXjEElYWWyyQgWJjBiNYtAwCYopfmS7hlBFIhpnlevjE1tGs/w=
dv+O+lYB8ZzE626jIEUhk5drNvZwLku2NTyD72Uw2DZXeiEn4h8CQiV+ZO13Z7Cu0toL2Uh8osYtUhrBk/vmjtCDjuCcv6yU452EOLV7KPzrazDXP3J6CXdPDgXjEElYWWyyQgWJjBiNYtAwCYopfmS7hlBFIhpnlevjE1tGs/w=
L3QNxVkdWcLE6rsSlEzOrOfs2ACsvlVT9zFQDiphNtLFlNN0Xprvh7Qmsdp75XkemGQzDKe4T6HSoNF4fMdLKdDcVkyjY4SiUsQ5dCKLz5VmHHQ1RjpwQby219vcUsn1iE4vvdgtM2xKSyMpdo9/vomKvZq6WCm33Hr55EiatUXJjGCtrmoJfGrlAU1b2Yeos+4=
bL296z91tLgE1dHJ04jG98glVWwJ35NIdu6QuunsgXqtKJD2nZfdu9QLLR8NeYsMc5rxvtoMShbLieGSGOirYBt1l42yjMl0TKsT5RAQDiAT7xwOMmjhuBLn15lmEGxZdvao7dwaT1dsPpE5SIJ30eghK0AqZ/vlxuPnMgkGJfYKlPGbvFbh6Hj27YkJQDjBHuaR0ApJ2YFrtZ+ks+I=
i1vglORqxA98txABHYE0MtQsSNTivwWzXo8+L0jIu2fTWLFwyb/4me6b51gJPNwGLuUUAQXgwr1HfCwJLdqt9snNBkgfNPJT/mWJjtF2gxKh1OEOe7r/0mWq/YaDa5R6kpyp/MLDv61mJAR9prLgGXxux9P8mnmNCLaf9fglIzQKk7OhFkePhomyTVLa0LlvnCLp7GjSBb1J9NBljmIZpKq9kcW7kfeQs9Y=
i1vglORqxA98txABHYE0MtQsSNTivwWzXo8+L0jIu2fTWLFwyb/4me6b51gJPNwGLuUUAQXgwr1HfCwJLdqt9snNBkgfNPJT/mWJjtF2gxKh1OEOe7r/0mWq/YaDa5R6kpyp/MLDv61mJAR9prLgGXxux9P8mnmNCLaf9fglIzQKk7OhFkePhomyTVLa0LlvnCLp7GjSBb1J9NBljmIZpKq9kcW7kfeQs9Y=
a7iBRao+C2hNksSkkY/iR701cE0qT0llR3KNbuBq16YbYs0J4nTcvFcpO7j/q9MQzt1T66vjtYyxKYVBlPWAkl0zYf7+siPV7aWHixusY+WaJQSd11RqS01LdhqJJWIdZ1NKfzUQVbija9Dc3mhT5neW576lxmUqM6eMdvJQ8XByb2fBZkjc0RY+uNUcYt8fTDbh4cjah9nI6bu4al/rrSZrV+oJ3pV+6tzho/yucSBY/h3UiZhIyT6uAajKcclJCz0v/LO6
+dmsrITXaIrlQY5+ES659mO4IuLNcZ2fj3zBcXqNKJirrekqqFZPOhUxjy9hx/zCQxL9q0KZBWckpYlqbomue8SLnb3Sl2y8qkbbiZDLa34ljXQx7kXWI4N1HJ42PrgjE7T64dAElwGaxHSTEIBKVedbuZ9AMqEGJ+U/E2V9OzWhm3v/nN6bmk/3eWYMjZQmn7IwirU6SOQNCaYI5ZsE+N2ZqCSyiXUioI0Ekujdn6lp27+WN8Oe5KGHOXzNRxHZP/ZYstWTBWKuj4BfHgXps60=
LSGPitnXrp8FwoK3vt7q7IzooqvUC7+TT6PDbj0VGMaV7K3qtkG0SN3b5Ss9Lb7ENFRf0ezc9cETEyJ2bSIUae/LcHo6Jhv9cDDCsqXOqgVLF+aa+L/ehOQzDCArQXQ8rVdoqIMXoHOHvpr9f1M+Qbt8yczx0GKm/YWsLMU+oLSRIumqjEeWdH1uehMdd1PXg6qz6A==
UA5WsPcLewkVaLwtFDX9qyBQz2tr38Npw9/ypJ/jv30fbP7wCZMQHfYPetLtErd/9Ia4wdDtCCp7byUIkPn4AG8AOf/cXluaj3c5ZkwNVCZfMnCK9bqI5M2J5gilG8T4HRloJPIJNSJgDcSSqF3fqalbf5Z3Q97kYQf5fI3HUdl/dpiyFRNFYu4PQF/ehamz7Q==
SPel4wIFpKs+rHKh1CHdNd/4242Yog+Y1FQMv6lj2N23iAxpRuYQl1yK2XQIqlWRydwAnW76KQzq1eHdG6kneLM+
67V03JgV51/sIcOFqTZjGUf6bkiAt39KIGIqGepNuV9cENtfX2IUIoKFp6Gguhym/xbRRAiuMOnBFdc4PjwdMd66iNo6XecpERULDzn3znoxykWz684umd6m1aYSIid+QrSnrfQApw+u2PfNKmygrd+y6olWOkqJlenjj52+ZUfU9IsjqzTPE7p5FeIaOoe3LzIky5J3vJGjs+c=
IdCp+G24zs74UAvynq0pOjBVdO/bNBdJYQ5K2rpOhYgf2iRrJKf/uEWfT/JKSHorYso2r+hGnZjtztq/SZEsmJC+neUNI/XgVG7AMbQ1gjx4Xbdnmj+PA6Vgut5+KiONABGxnZfVGe1QtIZUw9t0ChIsCQyCE5+9ZjQkreZCQKn8HidjvEoZnQimf6U4lUPEiiMT0dYXr5aJom0CGqAZ3xzSiVyoguWmSeSwtc7S+dQqDTE1+0HXgLPG
Qm+BzpEoj6RPWhrXFTm6MirAWhCiAve9KiPA4Ig8jDUVP+cXGN7xwWHRDAaI2esNxtYgbfaKbSNGAWdHrOoU4fe1jLZvlhjf5Kf4/yCOApztalzJ8xFnegXJ+BzMF65dWLthG0gIMKIlp7o9rhnFSE5JqpIKHEa/Pz5Yv8yE1EGuTvw/K0L0rj342zT3V6Eu6mOHcSm6mv4b7JuVBECxwRlPLqNKixgGNeUt1rhZc2zGoD3EQxdGatmKbQPjLnapRqZNlkrCL85q9E+9fODf35ZYD52STCi9d/IC+V6aEnkN6Xv/RR5tt7w0IzMjFHfDzfktsuJaD6dH8gx7mhdkoTuzfw==
QzbMVPzqjvntRO7jz64f9JaApYFOEZ6uK1MrUztU5Af9H2gxDFd6JUmjr4vGXI7kCoAmD7EC8GN0mAHTKVRF0/lnuQh4YG4CaNC0c6mgiVYIhds+CQQuOPUlZxpKFaKVgMwdAl0kToQE5BWNUSGQOO46EFKDitn0Cc9pejDIwV2KQa7EfQ/9bOn/kxkzDjwikZvZAlLHhG+6naWz4Q==
SIyXiquJ5Aos10xN/+IGS315D/DIQmIXLH80R0+YlVk0SgT8YxHEunU0IMDdh9fLPJT9utA9TehOf/Diir57pcDoAmqVlsodew/mgsinvtzU68z4mxkUpB3P6DAzj8ArN2ZaJU8LXlmLZMnUwcgC/s1dbPR1ZsAsIbRpMjzf9izNtrrLLS8zz7Oys/A=
oNQYRXRK8BTEYDojbTPPmdIJs6FHReMkEHYyW24/65i3TCX1XC6kQPvlVDb9sKBcZRMnJ5QwncaIiZ0khruwvvLqS4koDCJWjeLaEXML5p7ws86w/M8sBEMtROhViyjsy1twh18C+pnX/87VA+BJSHlc8hJl+QyILdIQ4OlwKW5Ei8YAJVKa9zVbI8O7trPs
IdCp+G24zs74UAvynq0pOjBVdO/bNBdJYQ5K2rpOhYgf2iRrJKf/uEWfT/JKSHorYso2r+hGnZjtztq/SZEsmJC+neUNI/XgVG7AMbQ1gjx4Xbdnmj+PA6Vgut5+KiONABGxnZfVGe1QtIZUw9t0ChIsCQyCE5+9ZjQkreZCQKn8HidjvEoZnQimf6U4lUPEiiMT0dYXr5aJom0CGqAZ3xzSiVyoguWmSeSwtc7S+dQqDTE1+0HXgLPG
k2pYtZgv049DBGTjLElpqNFOMO3Jk5Sm48bI3K6b9xnhyR72h8wnXUCw1V8RwCM7rvvcTonFsd48SddUCuDxvKeHQuLFahHLpx7SscqmwY7u8msGFhRTNXhwO6daGMOlNlystevSvrGa6vbhAWl3ZyHuKX8AFL87pwTT+4E5YUqGygsvW5LwM14nwLm3s/M=
vEpGuQGAG7AGXhPGFwEKeNQsRtzm4QC0Q9hqIAexmk/pcIJf+pb4mOLaqF9ML8URM+QUCAqpwrlLQmNiLdegmNTKHzsMJPFW4CbRnY9lyCaN7Mw3ZZbq/VCk5oSDa5R6kpyp/MLDv61mJAR9prLgGXxux9P8mnmNCLaf9fglIzQKk7OhFkePhomyTVLa0LlvnCLp7GjSBbZJ9NBljmIZpKq9kcW7kfeQs9Y=
weBYqxESkUyTwCpnmnp8GmLq9B47qcqj+6uEfYp1v46+YLTYytniSUsyQ5JthwAIVFr/60wUEWbgFjGtz7Uotg18bGclZsqNUFTG9EO7NOoSDMmsAvPfnWYUZE1m4oCJ/P5nAzzqWX0Ixr8FuHWDpIoDU3FWd2+2iYKtYpoAWf8cskm8KCIlxkkE8BVOsrk0Ki3xlXuhl6Cz5g==
wj85bj/ghlUh6ymyn0y4nq/rFavNtOntzHGTibedo0xAztKz3qdrECe0hV0sdmSIK900Xs2ooFR1awcPZOjdjtgxfcw2IzA2YhLrIVhU4p5d2rp5QxPmluDL7pgMF2xME5WkAOUTqGRbo9AvL1o6UQfHrr0z+ElAaSTSOpUhTMB9avAIWeip5tRzZqhVClo/5WNDq4uus+Q=
Gs3/jqsbSzVPoXmMsBsAVG+Jxi7QctQXm2e4PG6j4S089FFSWkiV6tFhsyP8LnGgWH4dWokYSEk+LgEoyvHJyQu9L3yzOg==
nEP0qkbPC0TX+QE6iaT6SpwFinpShUtEvq4hDSOE/4nRUkElUpK3nMVBh6C58gJnOILtBiBPQPjTQ6t6c0OPXc7Z4sQ9j71sqX/TGXOOfCLRGxkCkkdEb3odZbMh
/oFnh+eP3G4lezu1zUZP4G8U3bINejhYvMDwWOABk2W0Il6ZxctEBg2cmgJBnDkDH51stPUmwOyh9GlyvB/2bE32ugut7zOPM3KzMA==
FVcMOKgJWvdq3v0bu7mcVRE8S7XdgKOGIK9KZleW2gtyENF3cTqp9w21fJ0Y1Adrz6QLC0m5KXpeKiN/I9Low/YHuCl/szs=
qrFHrRz4SKRb8wcCTxbeCxI8S7XdgKOGIK9KZleW2gtyENF3cTqp9w21fJ0Y1Adrz6QLC0m5KXpeKiN/I9Low/YHuCl/szs=
OxaTusfMaL3uT+nsKCQIFhQ8S7XdgKOGIK9KZleW2gtyENF3cTqp9w21fJ0Y1Adrz6QLC0m5KXpeKiN/I9Low/YHuCl/szs=
U48gOdbA1z5ASH4bRt7C1BM8S7XdgKOGIK9KZleW2gtyENF3cTqp9w21fJ0Y1Adrz6QLC0m5KXpeKiN/I9Low/YHuCl/szs=
66iZoCKwjRE71MzBpwEFHBU8S7XdgKOGIK9KZleW2gtyENF3cTqp9w21fJ0Y1Adrz6QLC0m5KXpeKiN/I9Low/YHuCl/szs=
OuKu7nc+3TED8pf56vk5Ehk8S7XdgKOGIK9KZleW2gtyENF3cTqp9w21fJ0Y1Adrz6QLC0m5KXpeKiN/I9Low/YHuCl/szs=
nt6DMdDeAy0Pr7PvCwxdgGJEyDhnjLCcqP3DsQyOvv0tV/SylRAahskgqZfn8cwQXfqwGPk4qTZ0YyY4ddra78XzA7srfrM0
c/pkHpr2TpAB9TEG7XViZxg8S7XdgKOGIK9KZleW2gtyENF3cTqp9w21fJ0Y1Adrz6QLC0m5KXpeKiN/I9Low/YHuCl/szs=
0K/n8pc3eMGZa+xRJY8jBRc8S7XdgKOGIK9KZleW2gtyENF3cTqp9w21fJ0Y1Adrz6QLC0m5KXpeKiN/I9Low/YHuCl/szs=
f9XZZykmoLzYhqLu1Y30CxY8S7XdgKOGIK9KZleW2gtyENF3cTqp9w21fJ0Y1Adrz6QLC0m5KXpeKiN/I9Low/YHuCl/szs=
jCzFEGb0c3AW5L6cA+tnJikfg7d6/hliED4MWyvL4NAOT3mBjHjJ3trEDWZhzSvPnMIpDOgyxRZJVJAFDgJZxKod0eU7sTdwszY=
tSrfw09ALJCZkAesBqucWigfg7V99BhiED4MWyvL4NAOT3mBjHjJ3trEDWZhzSvPnMIpDOgyxRZJVJAFDgJZxKod0eU7sTdwszY=
kVA2RxuT6jG6+Uw/IUMT5ygFhbdm5hhiED4MWyvL4NAOT3mBjHjJ3trEDWZhzSvPnMIpDOgyxRZJVJAFDgJZxKod0eU7sTdwszY=
wvrTUhVxrXLqzapDbzKbzhdHv4TlKbNgzVqOF+Q6ueYUV7yon6s/+ucrQ42ywdak6TfhnCXXJ1lHZnASDWPNoubf+D+2NXGzNQ==
nRxKBpTcT3SQ9lQVkggfThRHv4TlKbNgzVqOF+Q6ueYUV7yon6s/+ucrQ42ywdak6TfhnCXXJ1lHZnASDWPNoubf+D+2NXGzNQ==
ioXfEmwiQULDKkWmAD7fNBVHv4TlKbNgzVqOF+Q6ueYUV7yon6s/+ucrQ42ywdak6TfhnCXXJ1lHZnASDWPNoubf+D+2NXGzNQ==
rIrxz2sIz9sscv2vpRAufRJHv4TlKbNgzVqOF+Q6ueYUV7yon6s/+ucrQ42ywdak6TfhnCXXJ1lHZnASDWPNoubf+D+2NXGzNQ==
PZsumUgqlwmPVAUL1JPtzhNHv4TlKbNgzVqOF+Q6ueYUV7yon6s/+ucrQ42ywdak6TfhnCXXJ1lHZnASDWPNoubf+D+2NXGzNQ==
rxTKOSMJWk07I/SuCkOW3xBHv4TlKbNgzVqOF+Q6ueYUV7yon6s/+ucrQ42ywdak6TfhnCXXJ1lHZnASDWPNoubf+D+2NXGzNQ==
vDwHXDnkReNkHqslESYWah9Hv4TlKbNgzVqOF+Q6ueYUV7yon6s/+ucrQ42ywdak6TfhnCXXJ1lHZnASDWPNoubf+D+2NXGzNQ==
w5JDQ15fZHQc5CMtndv0Gx5Hv4TlKbNgzVqOF+Q6ueYUV7yon6s/+ucrQ42ywdak6TfhnCXXJ1lHZnASDWPNoubf+D+2NXGzNQ==
GzIIY8crCOKZE4xfU3sSyRFHv4TlKbNgzVqOF+Q6ueYUV7yon6s/+ucrQ42ywdak6TfhnCXXJ1lHZnASDWPNoubf+D+2NXGzNQ==
yHVsQ4uEuwKB+2DOUJ6mNylcufJQ0htiED4MWyvL4NAOT3mBjHjJ3trEDWZhzSvPnMIpDOgyxRZJVJAFDgJZxKod0eU7sTdwszY=
gdq1D3XCiaSfRtm7U394SKLwlw27pVJa9SsEACphcsHLutMqDd+wwJQSj7Ns7AFu4B4hVe/tWP7NtNw/Rd5aBdDcVkyjY4SiUsQ5dCKLz5VmHHQ1RjpwQby219vcUsn1iE4vvdgtM2xKSyMpdo9/vomKvZq6WCm33Hr55EiatU7JjGCtrmoJfGrlAU1b2Yeos+4=
ISqASAmtVxum4qOxK7v8dYKo4+yAHriIS77DKngaAo+W46vc/wD1AYSSxCRTSaSiRSwg2O2ft5MMTD1iYGUtcP7ncHo6Jhv9cDDCsqXOqgVLF+aa+L/ehOQzDCArQXQ8rVdoqIMXoHOHvpr9f1M+Qbt8yczx0GKm/YWsLMU+oLSRLOmqjEeWdH1uehMdd1PXg6qz6A==
ZnpB5R4XOJNT1TrJOd+deDOHLko2aGk/tykdMxJd5ta7ZiBMFhuPiUkpxkbPjG+NuJD9LwnAO8uG26QeQQV5bmQpf8TyYEkszyeaEg0qWZuf/jqB0qbZvgYSU1ZeVJvFoNBTN+KYOzWePPQFIxJ24eLK3hEZaW8XCc7Rr0hU94t/5Htr+LnZ2m5qU18TUjjjZkeoia+z6w==
jcb8ZMm8cZxsgOSXXXHS0B9FL2VwBYgBV8s2QYTioY4aKHQ7bW1zQZxyPVxd+eJYB+tLgHkPfBP+avPVi9o+QcUgEMArSHXPAKZ/uutvBXZABVAmWzp8msmi7MTpcTo46VOAONnRJFSusdHCxJW4AiTVWykt0/MGi9t6hAW/JYxBjxqZu75UgklrYUIKF3xP0o2ts+k=
5Y30BPPZnDlRXlpO3i5JUNxD8Q/SQKNtuvtqf4q6G6D5+T1zgRguWmw0Y7NjFLdDjPntMqJazycH8sz72hekIXuzPw==
r/sce3oIh0ncI/xXAVLRQwDSkbxnAxWg6GbiIBIGOTj3Vqd4pttWN07K/zh1ebHr5ehqklAUf7tnBJN7wDmhysbKS6+bkjCzHieAOXezMw==
a57hqfc7DRHpjaeCpV8tyH40mtQ+kUwvSGtGfUr05vtSARoXy9zaiXa1QL9Y9+KR7mntDSMPfbHm6j5GGUCpsgzXHMu8FmGoeLZtwwmAuAEeJhEQColZQWt1H2SzIg==
ETzs/gGOMWbOB+HcwIXEWnMe0b5aCk5phs34RaZPxmPxK1PNyd9+UFKQ2RJNjAQ9II1stPUmwOyh9WlyvB/2bE32ugut7zOPM3KzMA==
mO45lc/Vy31aDZLjeNKYFX00mtQ+kUwvSGtGfUr05vtSARoXy9zaiXa1QL9Y9+KR7mntDSMPfbHm6j5GGUCpsgzXHMu8FmGoeLZtwwmAuAEeJhEQColZQWt1H2SzIg==
ETzs/gGOMWbOB+HcwIXEWnMe0b5aCk5phs34RaZPxmPxK1PNyd9+UFKQ2RJNjAQ9II1stPUmwOyh9WlyvB/2bE32ugut7zOPM3KzMA==
sobH/EMGd8vvf9VX1Hmkens0mtQ+kUwvSGtGfUr05vtSARoXy9zaiXa1QL9Y9+KR7mntDSMPfbHm6j5GGUCpsgzXHMu8FmGoeLZtwwmAuAEeJhEQColZQWt1H2SzIg==
OsIUCmtygwZPWX7rWjUEjFSmdOxHYiD2pCFDyIaNc+C6Nl930i6+ZLHnSTydZ67ZzxaIcuUzFeLe79AfriV5sz0=
JHD4Lu6Ro+en9+4Sd5Ts7hkg1ohvMgffWlSluprblPNCbBzL+OkHOOIV/2A2rrsHFmZiRI3vTSz5n+IZg64s4mG76YICpxQvij11szE=
hIfukxo3fcMDjN8OCNwPzyd52xnPusrw5/v8Y1c0+diChEgtaPzTEabQvBWHOA/e1rCYQSNsBPcbyIBHbGhju+Ad7CSVlgCcgeVpYpxvNtwtZjqbTV9zfxNisyA=
2A/WIvLP/O1YAymJEHxnxW0EnqYvsmIkFmdLEnfA4tJIB3+WjHn/msCRAGJ7xTTfnMIpDOgyxRdJVJAFDgJZxKod0eU7sTdwszY=
ACNSixeWlULPitTD2DxNnZhSxiNQhWEWtak8PCKV972FREsAFJK3n8R4h+zktUs7M4DvQGhJV/jSde9gJk6LR8bG8sQ9j71sqX/SGXOOfCLRGxkCkkdEb3odZbMh
2A/WIvLP/O1YAymJEHxnxW0EnqYvsmIkFmdLEnfA4tJIB3+WjHn/msCRAGJ7xTTfnMIpDOgyxRdJVJAFDgJZxKod0eU7sTdwszY=
ACNSixeWlULPitTD2DxNnZhSxiNQhWEWtak8PCKV972FREsAFJK3n8R4h+zktUs7M4DvQGhJV/jSde9gJk6LR8bG8sQ9j71sqX/SGXOOfCLRGxkCkkdEb3odZbMh
2A/WIvLP/O1YAymJEHxnxW0EnqYvsmIkFmdLEnfA4tJIB3+WjHn/msCRAGJ7xTTfnMIpDOgyxRdJVJAFDgJZxKod0eU7sTdwszY=
lu8nbAMKzw6SWpTfCpk17J9SxiNQhWEWtak8PCKV972FREsAFJK3n8R4h+zktUs7M4DvQGhJV/jSde9gJk6LR8bG8sQ9j71sqX/SGXOOfCLRGxkCkkdEb3odZbMh
2A/WIvLP/O1YAymJEHxnxW0EnqYvsmIkFmdLEnfA4tJIB3+WjHn/msCRAGJ7xTTfnMIpDOgyxRdJVJAFDgJZxKod0eU7sTdwszY=
ACNSixeWlULPitTD2DxNnZhSxiNQhWEWtak8PCKV972FREsAFJK3n8R4h+zktUs7M4DvQGhJV/jSde9gJk6LR8bG8sQ9j71sqX/SGXOOfCLRGxkCkkdEb3odZbMh
s2Hih8rlWAFBSAnVngQjvFSmdOxHYiD2vidD1J6Mc+C7LFl3zja/ZLHnSTydZ67ZzxaIcuUzFeLe79AfriV5sz0=
jEc2b6PUvqRyq2qquNgjFxkg1ohvMgffWlSluprblPNCbBzL4u8HJPoU/2A3tL0HCn5jRI3vTSz5n+IZg64s4mG76YICpxQvij11szE=
8W/uWd4TuahYgXcPRl/Dzmb63kzI/KAdem1TYKFNHRsLecvMsaxnYDh6488QoNusOG0fa+cog+Ce5yNUPsyT4Nvs+fcudp9k0SfpvH0njtmv1ijyBXM14r4vcJ9OZVmzHQ==
78iFC7Kq1Axj57z22W1GUjSJna8VHPzyzgc4Wy3AjeYsjS8rN4jzYA6Hk5Ru7GPgq8wpt56WD+Qhh7l8TUee2b/22LJVk4ViLo8AX54FabMt
rMe6PFrBh3R4MGtOHVmMoG0EnqYvsmIkFmdLEnfA4tJIHXmWkGH+msCQGmR72SzenMIpDOgyxRdJVJAFDgJZxKod0eU7sTdwszY=
7b74MGYxrXndN9h+SyDv5mf63kzI/KAdem1TYKFNHRsLecvMsaxnYDh6488QoNusOG0fa+cog+Ce5yNUPsyT4Nvs+fcudp9k0SfpvH0njtmv1ijyBXM14r4vcJ9OZVmzHQ==
78iFC7Kq1Axj57z22W1GUjSJna8VHPzyzgc4Wy3AjeYsjS8rN4jzYA6Hk5Ru7GPgq8wpt56WD+Qhh7l8TUee2b/22LJVk4ViLo8AX54FabMt
rMe6PFrBh3R4MGtOHVmMoG0EnqYvsmIkFmdLEnfA4tJIHXmWkGH+msCQGmR72SzenMIpDOgyxRdJVJAFDgJZxKod0eU7sTdwszY=
8W/uWd4TuahYgXcPRl/Dzmb63kzI/KAdem1TYKFNHRsLecvMsaxnYDh6488QoNusOG0fa+cog+Ce5yNUPsyT4Nvs+fcudp9k0SfpvH0njtmv1ijyBXM14r4vcJ9OZVmzHQ==
voEGi2MRk0DUAdb3byhVn0pkJH2bwH6ZnVKJ9N5L+0LfEmz0/42on8fIwPmzRhFpKjBUnN2TX/R3xlY53aNVTClwFGNR/NwY2aCROBvfXHKVdPtD23S/c+R5RUKqereXn7L064K3LHFTsxc=
voEGi2MRk0DUAdb3byhVn0pkJH2bwH6ZnVKJ9N5L+0LfEmz0/42on8fIwPmzRhFpKjBUnN2TX/R3xlY53aNVTClwFGNR/NwY2aCROBvfXHKVdPtD23S/c+R5RUKqereXn7L064K3LHFTsxc=
rMe6PFrBh3R4MGtOHVmMoG0EnqYvsmIkFmdLEnfA4tJIHXmWkGH+msCQGmR72SzenMIpDOgyxRdJVJAFDgJZxKod0eU7sTdwszY=
7b74MGYxrXndN9h+SyDv5mf63kzI/KAdem1TYKFNHRsLecvMsaxnYDh6488QoNusOG0fa+cog+Ce5yNUPsyT4Nvs+fcudp9k0SfpvH0njtmv1ijyBXM14r4vcJ9OZVmzHQ==
K8ZnfAsSOQgLE/1bqQ8lqHWesbKis5dmNpCQfdwhCTTZH0BITmXd/v+1hEAaQBOrEahZJngl05tbUCcAOn+/xLJEF2BfZHVnsu47BHXfVcwx70qZ6x7kwnlL0cLaN2yPQm1dsxk=
K8ZnfAsSOQgLE/1bqQ8lqHWesbKis5dmNpCQfdwhCTTZH0BITmXd/v+1hEAaQBOrEahZJngl05tbUCcAOn+/xLJEF2BfZHVnsu47BHXfVcwx70qZ6x7kwnlL0cLaN2yPQm1dsxk=
rMe6PFrBh3R4MGtOHVmMoG0EnqYvsmIkFmdLEnfA4tJIHXmWkGH+msCQGmR72SzenMIpDOgyxRdJVJAFDgJZxKod0eU7sTdwszY=
rd0QGTep7m7fviALj6yrdGT63kzI/KAdem1TYKFNHRsLecvMsaxnYDh6488QoNusOG0fa+cog+Ce5yNUPsyT4Nvs+fcudp9k0SfpvH0njtmv1ijyBXM14r4vcJ9OZVmzHQ==
rMe6PFrBh3R4MGtOHVmMoG0EnqYvsmIkFmdLEnfA4tJIHXmWkGH+msCQGmR72SzenMIpDOgyxRdJVJAFDgJZxKod0eU7sTdwszY=
rd0QGTep7m7fviALj6yrdGT63kzI/KAdem1TYKFNHRsLecvMsaxnYDh6488QoNusOG0fa+cog+Ce5yNUPsyT4Nvs+fcudp9k0SfpvH0njtmv1ijyBXM14r4vcJ9OZVmzHQ==
QRy0xYkKx54SMsosQd3iYY/OyQQDyr1NfyXPYAfX14JQshHEHU8d7Mm/8hmTztyisdt5ArIHpO/a3QWzQQ==
55HCQboNOeeaVRqgJr3ZGWm0tQbrlTnpiaBBG5FaBn4n9Ctjy7Qv0xR5daI6uqf3TzKEC7L33NEDs0c=
5Y30BPPZnDlRXlpO3i5JUNxD8Q/SQKNtuvtqf4q6G6D5+T1zgRguWmw0Y7NjFLdDjPntMqJazycH8sz72hekIXuzPw==
r/sce3oIh0ncI/xXAVLRQwDSkbxnAxWg6GbiIBIGOTj3Vqd4pttWN07K/zh1ebHr5ehqklAUf7tnBJN7wDmhysbKS6+bkjCzHieAOXezMw==
a57hqfc7DRHpjaeCpV8tyH40mtQ+kUwvSGtGfUr05vtSARoXy9zaiXa1QL9Y9+KR7mntDSMPfbHm6j5GGUCpsgzXHMu8FmGoeLZtwwmAuAEeJhEQColZQWt1H2SzIg==
ETzs/gGOMWbOB+HcwIXEWnMe0b5aCk5phs34RaZPxmPxK1PNyd9+UFKQ2RJNjAQ9II1stPUmwOyh9WlyvB/2bE32ugut7zOPM3KzMA==
mO45lc/Vy31aDZLjeNKYFX00mtQ+kUwvSGtGfUr05vtSARoXy9zaiXa1QL9Y9+KR7mntDSMPfbHm6j5GGUCpsgzXHMu8FmGoeLZtwwmAuAEeJhEQColZQWt1H2SzIg==
ETzs/gGOMWbOB+HcwIXEWnMe0b5aCk5phs34RaZPxmPxK1PNyd9+UFKQ2RJNjAQ9II1stPUmwOyh9WlyvB/2bE32ugut7zOPM3KzMA==
TdmSF5U0uQLSAAfR5D6d5Xw0mtQ+kUwvSGtGfUr05vtSARoXy9zaiXa1QL9Y9+KR7mntDSMPfbHm6j5GGUCpsgzXHMu8FmGoeLZtwwmAuAEeJhEQColZQWt1H2SzIg==
ETzs/gGOMWbOB+HcwIXEWnMe0b5aCk5phs34RaZPxmPxK1PNyd9+UFKQ2RJNjAQ9II1stPUmwOyh9WlyvB/2bE32ugut7zOPM3KzMA==
a57hqfc7DRHpjaeCpV8tyH40mtQ+kUwvSGtGfUr05vtSARoXy9zaiXa1QL9Y9+KR7mntDSMPfbHm6j5GGUCpsgzXHMu8FmGoeLZtwwmAuAEeJhEQColZQWt1H2SzIg==
WNdbjHRN/HbRw/4awoktAFLG4MBbJiHUgj4epc4JOBleG3bPmc/zcVGr7tzaFFmO9Rj0UYgpDEitkhCgabEprsTLxkClkpo3tRsjgzt2syw=
QopeUijkEh6TH9nJoKf2pqiOtx4MNoOOxn4y3J/6wmSkSIrogopQG0p7+t/aemtA6fktE3FY/vr8tBNT01RnI3z53RLymr+Ht3JcmwpXlAFrsy8=
ETzs/gGOMWbOB+HcwIXEWnMe0b5aCk5phs34RaZPxmPxK1PNyd9+UFKQ2RJNjAQ9II1stPUmwOyh9WlyvB/2bE32ugut7zOPM3KzMA==
mO45lc/Vy31aDZLjeNKYFX00mtQ+kUwvSGtGfUr05vtSARoXy9zaiXa1QL9Y9+KR7mntDSMPfbHm6j5GGUCpsgzXHMu8FmGoeLZtwwmAuAEeJhEQColZQWt1H2SzIg==
WNdbjHRN/HbRw/4awoktAFLG4MBbJiHUgj4epc4JOBleG3bPmc/zcVGr7tzaFFmO9Rj0UYgpDEitkhCgabEprsTLxkClkpo3tRsjgzt2syw=
QopeUijkEh6TH9nJoKf2pqiOtx4MNoOOxn4y3J/6wmSkSIrogopQG0p7+t/aemtA6fktE3FY/vr8tBNT01RnI3z53RLymr+Ht3JcmwpXlAFrsy8=
ETzs/gGOMWbOB+HcwIXEWnMe0b5aCk5phs34RaZPxmPxK1PNyd9+UFKQ2RJNjAQ9II1stPUmwOyh9WlyvB/2bE32ugut7zOPM3KzMA==
TdmSF5U0uQLSAAfR5D6d5Xw0mtQ+kUwvSGtGfUr05vtSARoXy9zaiXa1QL9Y9+KR7mntDSMPfbHm6j5GGUCpsgzXHMu8FmGoeLZtwwmAuAEeJhEQColZQWt1H2SzIg==
WNdbjHRN/HbRw/4awoktAFLG4MBbJiHUgj4epc4JOBleG3bPmc/zcVGr7tzaFFmO9Rj0UYgpDEitkhCgabEprsTLxkClkpo3tRsjgzt2syw=
QopeUijkEh6TH9nJoKf2pqiOtx4MNoOOxn4y3J/6wmSkSIrogopQG0p7+t/aemtA6fktE3FY/vr8tBNT01RnI3z53RLymr+Ht3JcmwpXlAFrsy8=
ETzs/gGOMWbOB+HcwIXEWnMe0b5aCk5phs34RaZPxmPxK1PNyd9+UFKQ2RJNjAQ9II1stPUmwOyh9WlyvB/2bE32ugut7zOPM3KzMA==
sobH/EMGd8vvf9VX1Hmkens0mtQ+kUwvSGtGfUr05vtSARoXy9zaiXa1QL9Y9+KR7mntDSMPfbHm6j5GGUCpsgzXHMu8FmGoeLZtwwmAuAEeJhEQColZQWt1H2SzIg==
WNdbjHRN/HbRw/4awoktAFLG4MBbJiHUgj4epc4JOBleG3bPmc/zcVGr7tzaFFmO9Rj0UYgpDEitkhCgabEprsTLxkClkpo3tRsjgzt2syw=
QopeUijkEh6TH9nJoKf2pqiOtx4MNoOOxn4y3J/6wmSkSIrogopQG0p7+t/aemtA6fktE3FY/vr8tBNT01RnI3z53RLymr+Ht3JcmwpXlAFrsy8=
ETzs/gGOMWbOB+HcwIXEWnMe0b5aCk5phs34RaZPxmPxK1PNyd9+UFKQ2RJNjAQ9II1stPUmwOyh9WlyvB/2bE32ugut7zOPM3KzMA==
pjT4EvSQuMpAQE3qv/Yarno0mtQ+kUwvSGtGfUr05vtSARoXy9zaiXa1QL9Y9+KR7mntDSMPfbHm6j5GGUCpsgzXHMu8FmGoeLZtwwmAuAEeJhEQColZQWt1H2SzIg==
WNdbjHRN/HbRw/4awoktAFLG4MBbJiHUgj4epc4JOBleG3bPmc/zcVGr7tzaFFmO9Rj0UYgpDEitkhCgabEprsTLxkClkpo3tRsjgzt2syw=
QopeUijkEh6TH9nJoKf2pqiOtx4MNoOOxn4y3J/6wmSkSIrogopQG0p7+t/aemtA6fktE3FY/vr8tBNT01RnI3z53RLymr+Ht3JcmwpXlAFrsy8=
ETzs/gGOMWbOB+HcwIXEWnMe0b5aCk5phs34RaZPxmPxK1PNyd9+UFKQ2RJNjAQ9II1stPUmwOyh9WlyvB/2bE32ugut7zOPM3KzMA==
6AABDeTvHSl9RLBZP79i2Xk0mtQ+kUwvSGtGfUr05vtSARoXy9zaiXa1QL9Y9+KR7mntDSMPfbHm6j5GGUCpsgzXHMu8FmGoeLZtwwmAuAEeJhEQColZQWt1H2SzIg==
WNdbjHRN/HbRw/4awoktAFLG4MBbJiHUgj4epc4JOBleG3bPmc/zcVGr7tzaFFmO9Rj0UYgpDEitkhCgabEprsTLxkClkpo3tRsjgzt2syw=
QopeUijkEh6TH9nJoKf2pqiOtx4MNoOOxn4y3J/6wmSkSIrogopQG0p7+t/aemtA6fktE3FY/vr8tBNT01RnI3z53RLymr+Ht3JcmwpXlAFrsy8=
ETzs/gGOMWbOB+HcwIXEWnMe0b5aCk5phs34RaZPxmPxK1PNyd9+UFKQ2RJNjAQ9II1stPUmwOyh9WlyvB/2bE32ugut7zOPM3KzMA==
a7oJoEGWhIryzsjcEJMt13g0mtQ+kUwvSGtGfUr05vtSARoXy9zaiXa1QL9Y9+KR7mntDSMPfbHm6j5GGUCpsgzXHMu8FmGoeLZtwwmAuAEeJhEQColZQWt1H2SzIg==
WNdbjHRN/HbRw/4awoktAFLG4MBbJiHUgj4epc4JOBleG3bPmc/zcVGr7tzaFFmO9Rj0UYgpDEitkhCgabEprsTLxkClkpo3tRsjgzt2syw=
QopeUijkEh6TH9nJoKf2pqiOtx4MNoOOxn4y3J/6wmSkSIrogopQG0p7+t/aemtA6fktE3FY/vr8tBNT01RnI3z53RLymr+Ht3JcmwpXlAFrsy8=
ETzs/gGOMWbOB+HcwIXEWnMe0b5aCk5phs34RaZPxmPxK1PNyd9+UFKQ2RJNjAQ9II1stPUmwOyh9WlyvB/2bE32ugut7zOPM3KzMA==
XM1g9b0UImWZi+eucuPqZnY0mtQ+kUwvSGtGfUr05vtSARoXy9zaiXa1QL9Y9+KR7mntDSMPfbHm6j5GGUCpsgzXHMu8FmGoeLZtwwmAuAEeJhEQColZQWt1H2SzIg==
ETzs/gGOMWbOB+HcwIXEWnMe0b5aCk5phs34RaZPxmPxK1PNyd9+UFKQ2RJNjAQ9II1stPUmwOyh9WlyvB/2bE32ugut7zOPM3KzMA==
a2YsnLP8OHWQgEfcrqQ4u3c0mtQ+kUwvSGtGfUr05vtSARoXy9zaiXa1QL9Y9+KR7mntDSMPfbHm6j5GGUCpsgzXHMu8FmGoeLZtwwmAuAEeJhEQColZQWt1H2SzIg==
WNdbjHRN/HbRw/4awoktAFLG4MBbJiHUgj4epc4JOBleG3bPmc/zcVGr7tzaFFmO9Rj0UYgpDEitkhCgabEprsTLxkClkpo3tRsjgzt2syw=
QopeUijkEh6TH9nJoKf2pqiOtx4MNoOOxn4y3J/6wmSkSIrogopQG0p7+t/aemtA6fktE3FY/vr8tBNT01RnI3z53RLymr+Ht3JcmwpXlAFrsy8=
ETzs/gGOMWbOB+HcwIXEWnMe0b5aCk5phs34RaZPxmPxK1PNyd9+UFKQ2RJNjAQ9II1stPUmwOyh9WlyvB/2bE32ugut7zOPM3KzMA==
XM1g9b0UImWZi+eucuPqZnY0mtQ+kUwvSGtGfUr05vtSARoXy9zaiXa1QL9Y9+KR7mntDSMPfbHm6j5GGUCpsgzXHMu8FmGoeLZtwwmAuAEeJhEQColZQWt1H2SzIg==
WNdbjHRN/HbRw/4awoktAFLG4MBbJiHUgj4epc4JOBleG3bPmc/zcVGr7tzaFFmO9Rj0UYgpDEitkhCgabEprsTLxkClkpo3tRsjgzt2syw=
QopeUijkEh6TH9nJoKf2pqiOtx4MNoOOxn4y3J/6wmSkSIrogopQG0p7+t/aemtA6fktE3FY/vr8tBNT01RnI3z53RLymr+Ht3JcmwpXlAFrsy8=
ETzs/gGOMWbOB+HcwIXEWnMe0b5aCk5phs34RaZPxmPxK1PNyd9+UFKQ2RJNjAQ9II1stPUmwOyh9WlyvB/2bE32ugut7zOPM3KzMA==
rg+nkZyrgT35f4ZprD65CmCqacQP5tgG4IQuAL6KtSQ8FkzU3IOFAFYq4JZsCMYQpppUEzZbJpeeis/YZXmhi9UoOjKglO9b10RDW7A5kaoWCjsPCxKAU05ncBlnsyM=
WNdbjHRN/HbRw/4awoktAFLG4MBbJiHUgj4epc4JOBleG3bPmc/zcVGr7tzaFFmO9Rj0UYgpDEitkhCgabEprsTLxkClkpo3tRsjgzt2syw=
QopeUijkEh6TH9nJoKf2pqiOtx4MNoOOxn4y3J/6wmSkSIrogopQG0p7+t/aemtA6fktE3FY/vr8tBNT01RnI3z53RLymr+Ht3JcmwpXlAFrsy8=
ETzs/gGOMWbOB+HcwIXEWnMe0b5aCk5phs34RaZPxmPxK1PNyd9+UFKQ2RJNjAQ9II1stPUmwOyh9WlyvB/2bE32ugut7zOPM3KzMA==
Zg9Cvv96TVO2MgaRs3iKkGGqacQP5tgG4IQuAL6KtSQ8FkzU3IOFAFYq4JZsCMYQpppUEzZbJpeeis/YZXmhi9UoOjKglO9b10RDW7A5kaoWCjsPCxKAU05ncBlnsyM=
WNdbjHRN/HbRw/4awoktAFLG4MBbJiHUgj4epc4JOBleG3bPmc/zcVGr7tzaFFmO9Rj0UYgpDEitkhCgabEprsTLxkClkpo3tRsjgzt2syw=
QopeUijkEh6TH9nJoKf2pqiOtx4MNoOOxn4y3J/6wmSkSIrogopQG0p7+t/aemtA6fktE3FY/vr8tBNT01RnI3z53RLymr+Ht3JcmwpXlAFrsy8=
ETzs/gGOMWbOB+HcwIXEWnMe0b5aCk5phs34RaZPxmPxK1PNyd9+UFKQ2RJNjAQ9II1stPUmwOyh9WlyvB/2bE32ugut7zOPM3KzMA==
H/+7DpzSKP7SnuEwkP85EWKqacQP5tgG4IQuAL6KtSQ8FkzU3IOFAFYq4JZsCMYQpppUEzZbJpeeis/YZXmhi9UoOjKglO9b10RDW7A5kaoWCjsPCxKAU05ncBlnsyM=
WNdbjHRN/HbRw/4awoktAFLG4MBbJiHUgj4epc4JOBleG3bPmc/zcVGr7tzaFFmO9Rj0UYgpDEitkhCgabEprsTLxkClkpo3tRsjgzt2syw=
QopeUijkEh6TH9nJoKf2pqiOtx4MNoOOxn4y3J/6wmSkSIrogopQG0p7+t/aemtA6fktE3FY/vr8tBNT01RnI3z53RLymr+Ht3JcmwpXlAFrsy8=
ETzs/gGOMWbOB+HcwIXEWnMe0b5aCk5phs34RaZPxmPxK1PNyd9+UFKQ2RJNjAQ9II1stPUmwOyh9WlyvB/2bE32ugut7zOPM3KzMA==
3r3DOhGo1cJQWWiQW8MEv2OqacQP5tgG4IQuAL6KtSQ8FkzU3IOFAFYq4JZsCMYQpppUEzZbJpeeis/YZXmhi9UoOjKglO9b10RDW7A5kaoWCjsPCxKAU05ncBlnsyM=
WNdbjHRN/HbRw/4awoktAFLG4MBbJiHUgj4epc4JOBleG3bPmc/zcVGr7tzaFFmO9Rj0UYgpDEitkhCgabEprsTLxkClkpo3tRsjgzt2syw=
QopeUijkEh6TH9nJoKf2pqiOtx4MNoOOxn4y3J/6wmSkSIrogopQG0p7+t/aemtA6fktE3FY/vr8tBNT01RnI3z53RLymr+Ht3JcmwpXlAFrsy8=
ETzs/gGOMWbOB+HcwIXEWnMe0b5aCk5phs34RaZPxmPxK1PNyd9+UFKQ2RJNjAQ9II1stPUmwOyh9WlyvB/2bE32ugut7zOPM3KzMA==
TzqXjY8mvfBt/OhhgSoVJ2SqacQP5tgG4IQuAL6KtSQ8FkzU3IOFAFYq4JZsCMYQpppUEzZbJpeeis/YZXmhi9UoOjKglO9b10RDW7A5kaoWCjsPCxKAU05ncBlnsyM=
WNdbjHRN/HbRw/4awoktAFLG4MBbJiHUgj4epc4JOBleG3bPmc/zcVGr7tzaFFmO9Rj0UYgpDEitkhCgabEprsTLxkClkpo3tRsjgzt2syw=
QopeUijkEh6TH9nJoKf2pqiOtx4MNoOOxn4y3J/6wmSkSIrogopQG0p7+t/aemtA6fktE3FY/vr8tBNT01RnI3z53RLymr+Ht3JcmwpXlAFrsy8=
ETzs/gGOMWbOB+HcwIXEWnMe0b5aCk5phs34RaZPxmPxK1PNyd9+UFKQ2RJNjAQ9II1stPUmwOyh9WlyvB/2bE32ugut7zOPM3KzMA==
/WGNYwMb+e3eeoxZm1UtWGSpacQP5tgG4IQuAL6KtSQ8FkzU3IOFAFYq4JZsCMYQpppUEzZbJpeeis/YZXmhi9UoOjKglO9b10RDW7A5kaoWCjsPCxKAU05ncBlnsyM=
WNdbjHRN/HbRw/4awoktAFLG4MBbJiHUgj4epc4JOBleG3bPmc/zcVGr7tzaFFmO9Rj0UYgpDEitkhCgabEprsTLxkClkpo3tRsjgzt2syw=
QopeUijkEh6TH9nJoKf2pqiOtx4MNoOOxn4y3J/6wmSkSIrogopQG0p7+t/aemtA6fktE3FY/vr8tBNT01RnI3z53RLymr+Ht3JcmwpXlAFrsy8=
ETzs/gGOMWbOB+HcwIXEWnMe0b5aCk5phs34RaZPxmPxK1PNyd9+UFKQ2RJNjAQ9II1stPUmwOyh9WlyvB/2bE32ugut7zOPM3KzMA==
YnbkjNeWfkQ2urd/GkufgGOpacQP5tgG4IQuAL6KtSQ8FkzU3IOFAFYq4JZsCMYQpppUEzZbJpeeis/YZXmhi9UoOjKglO9b10RDW7A5kaoWCjsPCxKAU05ncBlnsyM=
WNdbjHRN/HbRw/4awoktAFLG4MBbJiHUgj4epc4JOBleG3bPmc/zcVGr7tzaFFmO9Rj0UYgpDEitkhCgabEprsTLxkClkpo3tRsjgzt2syw=
QopeUijkEh6TH9nJoKf2pqiOtx4MNoOOxn4y3J/6wmSkSIrogopQG0p7+t/aemtA6fktE3FY/vr8tBNT01RnI3z53RLymr+Ht3JcmwpXlAFrsy8=
ETzs/gGOMWbOB+HcwIXEWnMe0b5aCk5phs34RaZPxmPxK1PNyd9+UFKQ2RJNjAQ9II1stPUmwOyh9WlyvB/2bE32ugut7zOPM3KzMA==
HoXUlahu+83fR9kJJZRiW2KpacQP5tgG4IQuAL6KtSQ8FkzU3IOFAFYq4JZsCMYQpppUEzZbJpeeis/YZXmhi9UoOjKglO9b10RDW7A5kaoWCjsPCxKAU05ncBlnsyM=
WNdbjHRN/HbRw/4awoktAFLG4MBbJiHUgj4epc4JOBleG3bPmc/zcVGr7tzaFFmO9Rj0UYgpDEitkhCgabEprsTLxkClkpo3tRsjgzt2syw=
QopeUijkEh6TH9nJoKf2pqiOtx4MNoOOxn4y3J/6wmSkSIrogopQG0p7+t/aemtA6fktE3FY/vr8tBNT01RnI3z53RLymr+Ht3JcmwpXlAFrsy8=
ETzs/gGOMWbOB+HcwIXEWnMe0b5aCk5phs34RaZPxmPxK1PNyd9+UFKQ2RJNjAQ9II1stPUmwOyh9WlyvB/2bE32ugut7zOPM3KzMA==
fY8EGCF6srCxzxWr77glbmGpacQP5tgG4IQuAL6KtSQ8FkzU3IOFAFYq4JZsCMYQpppUEzZbJpeeis/YZXmhi9UoOjKglO9b10RDW7A5kaoWCjsPCxKAU05ncBlnsyM=
WNdbjHRN/HbRw/4awoktAFLG4MBbJiHUgj4epc4JOBleG3bPmc/zcVGr7tzaFFmO9Rj0UYgpDEitkhCgabEprsTLxkClkpo3tRsjgzt2syw=
QopeUijkEh6TH9nJoKf2pqiOtx4MNoOOxn4y3J/6wmSkSIrogopQG0p7+t/aemtA6fktE3FY/vr8tBNT01RnI3z53RLymr+Ht3JcmwpXlAFrsy8=
ETzs/gGOMWbOB+HcwIXEWnMe0b5aCk5phs34RaZPxmPxK1PNyd9+UFKQ2RJNjAQ9II1stPUmwOyh9WlyvB/2bE32ugut7zOPM3KzMA==
zIbPGOe1xyGmXR6yjSdGHWCpacQP5tgG4IQuAL6KtSQ8FkzU3IOFAFYq4JZsCMYQpppUEzZbJpeeis/YZXmhi9UoOjKglO9b10RDW7A5kaoWCjsPCxKAU05ncBlnsyM=
WNdbjHRN/HbRw/4awoktAFLG4MBbJiHUgj4epc4JOBleG3bPmc/zcVGr7tzaFFmO9Rj0UYgpDEitkhCgabEprsTLxkClkpo3tRsjgzt2syw=
QopeUijkEh6TH9nJoKf2pqiOtx4MNoOOxn4y3J/6wmSkSIrogopQG0p7+t/aemtA6fktE3FY/vr8tBNT01RnI3z53RLymr+Ht3JcmwpXlAFrsy8=
ETzs/gGOMWbOB+HcwIXEWnMe0b5aCk5phs34RaZPxmPxK1PNyd9+UFKQ2RJNjAQ9II1stPUmwOyh9WlyvB/2bE32ugut7zOPM3KzMA==
PWcNlE7ZBhr5iCS+r4BTOGmqacQP5tgG4IQuAL6KtSQ8FkzU3IOFAFYq4JZsCMYQpppUEzZbJpeeis/YZXmhi9UoOjKglO9b10RDW7A5kaoWCjsPCxKAU05ncBlnsyM=
WNdbjHRN/HbRw/4awoktAFLG4MBbJiHUgj4epc4JOBleG3bPmc/zcVGr7tzaFFmO9Rj0UYgpDEitkhCgabEprsTLxkClkpo3tRsjgzt2syw=
QopeUijkEh6TH9nJoKf2pqiOtx4MNoOOxn4y3J/6wmSkSIrogopQG0p7+t/aemtA6fktE3FY/vr8tBNT01RnI3z53RLymr+Ht3JcmwpXlAFrsy8=
ETzs/gGOMWbOB+HcwIXEWnMe0b5aCk5phs34RaZPxmPxK1PNyd9+UFKQ2RJNjAQ9II1stPUmwOyh9WlyvB/2bE32ugut7zOPM3KzMA==
eoNBzGr7uKQcK1QQ/TP222iqacQP5tgG4IQuAL6KtSQ8FkzU3IOFAFYq4JZsCMYQpppUEzZbJpeeis/YZXmhi9UoOjKglO9b10RDW7A5kaoWCjsPCxKAU05ncBlnsyM=
WNdbjHRN/HbRw/4awoktAFLG4MBbJiHUgj4epc4JOBleG3bPmc/zcVGr7tzaFFmO9Rj0UYgpDEitkhCgabEprsTLxkClkpo3tRsjgzt2syw=
QopeUijkEh6TH9nJoKf2pqiOtx4MNoOOxn4y3J/6wmSkSIrogopQG0p7+t/aemtA6fktE3FY/vr8tBNT01RnI3z53RLymr+Ht3JcmwpXlAFrsy8=
ETzs/gGOMWbOB+HcwIXEWnMe0b5aCk5phs34RaZPxmPxK1PNyd9+UFKQ2RJNjAQ9II1stPUmwOyh9WlyvB/2bE32ugut7zOPM3KzMA==
5TjqhZ12jLVQmcBghPFpwmeqacQP5tgG4IQuAL6KtSQ8FkzU3IOFAFYq4JZsCMYQpppUEzZbJpeeis/YZXmhi9UoOjKglO9b10RDW7A5kaoWCjsPCxKAU05ncBlnsyM=
WNdbjHRN/HbRw/4awoktAFLG4MBbJiHUgj4epc4JOBleG3bPmc/zcVGr7tzaFFmO9Rj0UYgpDEitkhCgabEprsTLxkClkpo3tRsjgzt2syw=
QopeUijkEh6TH9nJoKf2pqiOtx4MNoOOxn4y3J/6wmSkSIrogopQG0p7+t/aemtA6fktE3FY/vr8tBNT01RnI3z53RLymr+Ht3JcmwpXlAFrsy8=
ETzs/gGOMWbOB+HcwIXEWnMe0b5aCk5phs34RaZPxmPxK1PNyd9+UFKQ2RJNjAQ9II1stPUmwOyh9WlyvB/2bE32ugut7zOPM3KzMA==
rKycI4YVy1CFTA81CeozbmaqacQP5tgG4IQuAL6KtSQ8FkzU3IOFAFYq4JZsCMYQpppUEzZbJpeeis/YZXmhi9UoOjKglO9b10RDW7A5kaoWCjsPCxKAU05ncBlnsyM=
WNdbjHRN/HbRw/4awoktAFLG4MBbJiHUgj4epc4JOBleG3bPmc/zcVGr7tzaFFmO9Rj0UYgpDEitkhCgabEprsTLxkClkpo3tRsjgzt2syw=
QopeUijkEh6TH9nJoKf2pqiOtx4MNoOOxn4y3J/6wmSkSIrogopQG0p7+t/aemtA6fktE3FY/vr8tBNT01RnI3z53RLymr+Ht3JcmwpXlAFrsy8=
ETzs/gGOMWbOB+HcwIXEWnMe0b5aCk5phs34RaZPxmPxK1PNyd9+UFKQ2RJNjAQ9II1stPUmwOyh9WlyvB/2bE32ugut7zOPM3KzMA==
br/8407m5V4ddYH3V3/GiWWqacQP5tgG4IQuAL6KtSQ8FkzU3IOFAFYq4JZsCMYQpppUEzZbJpeeis/YZXmhi9UoOjKglO9b10RDW7A5kaoWCjsPCxKAU05ncBlnsyM=
WNdbjHRN/HbRw/4awoktAFLG4MBbJiHUgj4epc4JOBleG3bPmc/zcVGr7tzaFFmO9Rj0UYgpDEitkhCgabEprsTLxkClkpo3tRsjgzt2syw=
QopeUijkEh6TH9nJoKf2pqiOtx4MNoOOxn4y3J/6wmSkSIrogopQG0p7+t/aemtA6fktE3FY/vr8tBNT01RnI3z53RLymr+Ht3JcmwpXlAFrsy8=
ETzs/gGOMWbOB+HcwIXEWnMe0b5aCk5phs34RaZPxmPxK1PNyd9+UFKQ2RJNjAQ9II1stPUmwOyh9WlyvB/2bE32ugut7zOPM3KzMA==
TzqXjY8mvfBt/OhhgSoVJ2SqacQP5tgG4IQuAL6KtSQ8FkzU3IOFAFYq4JZsCMYQpppUEzZbJpeeis/YZXmhi9UoOjKglO9b10RDW7A5kaoWCjsPCxKAU05ncBlnsyM=
WNdbjHRN/HbRw/4awoktAFLG4MBbJiHUgj4epc4JOBleG3bPmc/zcVGr7tzaFFmO9Rj0UYgpDEitkhCgabEprsTLxkClkpo3tRsjgzt2syw=
QopeUijkEh6TH9nJoKf2pqiOtx4MNoOOxn4y3J/6wmSkSIrogopQG0p7+t/aemtA6fktE3FY/vr8tBNT01RnI3z53RLymr+Ht3JcmwpXlAFrsy8=
ETzs/gGOMWbOB+HcwIXEWnMe0b5aCk5phs34RaZPxmPxK1PNyd9+UFKQ2RJNjAQ9II1stPUmwOyh9WlyvB/2bE32ugut7zOPM3KzMA==
3r3DOhGo1cJQWWiQW8MEv2OqacQP5tgG4IQuAL6KtSQ8FkzU3IOFAFYq4JZsCMYQpppUEzZbJpeeis/YZXmhi9UoOjKglO9b10RDW7A5kaoWCjsPCxKAU05ncBlnsyM=
WNdbjHRN/HbRw/4awoktAFLG4MBbJiHUgj4epc4JOBleG3bPmc/zcVGr7tzaFFmO9Rj0UYgpDEitkhCgabEprsTLxkClkpo3tRsjgzt2syw=
QopeUijkEh6TH9nJoKf2pqiOtx4MNoOOxn4y3J/6wmSkSIrogopQG0p7+t/aemtA6fktE3FY/vr8tBNT01RnI3z53RLymr+Ht3JcmwpXlAFrsy8=
OsIUCmtygwZPWX7rWjUEjFSmdOxHYiD2pCFDyIaNc+C6Nl930i6+ZLHnSTydZ67ZzxaIcuUzFeLe79AfriV5sz0=
JHD4Lu6Ro+en9+4Sd5Ts7hkg1ohvMgffWlSluprblPNCbBzL+OkHOOIV/2A2rrsHFmZiRI3vTSz5n+IZg64s4mG76YICpxQvij11szE=
ACNSixeWlULPitTD2DxNnZhSxiNQhWEWtak8PCKV972FREsAFJK3n8R4h+zktUs7M4DvQGhJV/jSde9gJk6LR8bG8sQ9j71sqX/SGXOOfCLRGxkCkkdEb3odZbMh
Z6zmF/hbZGLKbSFfZFyThhlF9KVNPGbE/4Yq4FajA6antAp26KMXYhzNdx5AFYjW6zFcezxmwXg4ho3TCZDYMd52seCKObkRK4U/dLMy
ubisKje1Ws54vBoulBf9IDSJna8VHPzyzgc4Wy3AjeYsjS8rN4jzYBSBk4h27WPgqtYvt4KODuQhh7l8TUee2b/22LJVk4ViLo8AX54FabMt
2A/WIvLP/O1YAymJEHxnxW0EnqYvsmIkFmdLEnfA4tJIB3+WjHn/msCRAGJ7xTTfnMIpDOgyxRdJVJAFDgJZxKod0eU7sTdwszY=
lu8nbAMKzw6SWpTfCpk17J9SxiNQhWEWtak8PCKV972FREsAFJK3n8R4h+zktUs7M4DvQGhJV/jSde9gJk6LR8bG8sQ9j71sqX/SGXOOfCLRGxkCkkdEb3odZbMh
Z6zmF/hbZGLKbSFfZFyThhlF9KVNPGbE/4Yq4FajA6antAp26KMXYhzNdx5AFYjW6zFcezxmwXg4ho3TCZDYMd52seCKObkRK4U/dLMy
ubisKje1Ws54vBoulBf9IDSJna8VHPzyzgc4Wy3AjeYsjS8rN4jzYBSBk4h27WPgqtYvt4KODuQhh7l8TUee2b/22LJVk4ViLo8AX54FabMt
2A/WIvLP/O1YAymJEHxnxW0EnqYvsmIkFmdLEnfA4tJIB3+WjHn/msCRAGJ7xTTfnMIpDOgyxRdJVJAFDgJZxKod0eU7sTdwszY=
3F2iTETEIv7QS66qUMAgRJ5SxiNQhWEWtak8PCKV972FREsAFJK3n8R4h+zktUs7M4DvQGhJV/jSde9gJk6LR8bG8sQ9j71sqX/SGXOOfCLRGxkCkkdEb3odZbMh
Z6zmF/hbZGLKbSFfZFyThhlF9KVNPGbE/4Yq4FajA6antAp26KMXYhzNdx5AFYjW6zFcezxmwXg4ho3TCZDYMd52seCKObkRK4U/dLMy
ubisKje1Ws54vBoulBf9IDSJna8VHPzyzgc4Wy3AjeYsjS8rN4jzYBSBk4h27WPgqtYvt4KODuQhh7l8TUee2b/22LJVk4ViLo8AX54FabMt
2A/WIvLP/O1YAymJEHxnxW0EnqYvsmIkFmdLEnfA4tJIB3+WjHn/msCRAGJ7xTTfnMIpDOgyxRdJVJAFDgJZxKod0eU7sTdwszY=
fDxc5ZHEQXYKXLe081U1fp1SxiNQhWEWtak8PCKV972FREsAFJK3n8R4h+zktUs7M4DvQGhJV/jSde9gJk6LR8bG8sQ9j71sqX/SGXOOfCLRGxkCkkdEb3odZbMh
Z6zmF/hbZGLKbSFfZFyThhlF9KVNPGbE/4Yq4FajA6antAp26KMXYhzNdx5AFYjW6zFcezxmwXg4ho3TCZDYMd52seCKObkRK4U/dLMy
ubisKje1Ws54vBoulBf9IDSJna8VHPzyzgc4Wy3AjeYsjS8rN4jzYBSBk4h27WPgqtYvt4KODuQhh7l8TUee2b/22LJVk4ViLo8AX54FabMt
2A/WIvLP/O1YAymJEHxnxW0EnqYvsmIkFmdLEnfA4tJIB3+WjHn/msCRAGJ7xTTfnMIpDOgyxRdJVJAFDgJZxKod0eU7sTdwszY=
zLHlk34Q7COvMKikfVYGYpxSxiNQhWEWtak8PCKV972FREsAFJK3n8R4h+zktUs7M4DvQGhJV/jSde9gJk6LR8bG8sQ9j71sqX/SGXOOfCLRGxkCkkdEb3odZbMh
Z6zmF/hbZGLKbSFfZFyThhlF9KVNPGbE/4Yq4FajA6antAp26KMXYhzNdx5AFYjW6zFcezxmwXg4ho3TCZDYMd52seCKObkRK4U/dLMy
ubisKje1Ws54vBoulBf9IDSJna8VHPzyzgc4Wy3AjeYsjS8rN4jzYBSBk4h27WPgqtYvt4KODuQhh7l8TUee2b/22LJVk4ViLo8AX54FabMt
2A/WIvLP/O1YAymJEHxnxW0EnqYvsmIkFmdLEnfA4tJIB3+WjHn/msCRAGJ7xTTfnMIpDOgyxRdJVJAFDgJZxKod0eU7sTdwszY=
QFxfn0PDFgOA0eeyuaB6zpVRxiNQhWEWtak8PCKV972FREsAFJK3n8R4h+zktUs7M4DvQGhJV/jSde9gJk6LR8bG8sQ9j71sqX/SGXOOfCLRGxkCkkdEb3odZbMh
Z6zmF/hbZGLKbSFfZFyThhlF9KVNPGbE/4Yq4FajA6antAp26KMXYhzNdx5AFYjW6zFcezxmwXg4ho3TCZDYMd52seCKObkRK4U/dLMy
ubisKje1Ws54vBoulBf9IDSJna8VHPzyzgc4Wy3AjeYsjS8rN4jzYBSBk4h27WPgqtYvt4KODuQhh7l8TUee2b/22LJVk4ViLo8AX54FabMt
2A/WIvLP/O1YAymJEHxnxW0EnqYvsmIkFmdLEnfA4tJIB3+WjHn/msCRAGJ7xTTfnMIpDOgyxRdJVJAFDgJZxKod0eU7sTdwszY=
IptPLYAzGriQtBqqPvEJP5RRxiNQhWEWtak8PCKV972FREsAFJK3n8R4h+zktUs7M4DvQGhJV/jSde9gJk6LR8bG8sQ9j71sqX/SGXOOfCLRGxkCkkdEb3odZbMh
Z6zmF/hbZGLKbSFfZFyThhlF9KVNPGbE/4Yq4FajA6antAp26KMXYhzNdx5AFYjW6zFcezxmwXg4ho3TCZDYMd52seCKObkRK4U/dLMy
ubisKje1Ws54vBoulBf9IDSJna8VHPzyzgc4Wy3AjeYsjS8rN4jzYBSBk4h27WPgqtYvt4KODuQhh7l8TUee2b/22LJVk4ViLo8AX54FabMt
2A/WIvLP/O1YAymJEHxnxW0EnqYvsmIkFmdLEnfA4tJIB3+WjHn/msCRAGJ7xTTfnMIpDOgyxRdJVJAFDgJZxKod0eU7sTdwszY=
VW2BmKdmPoc4j02ANXJ3pptRxiNQhWEWtak8PCKV972FREsAFJK3n8R4h+zktUs7M4DvQGhJV/jSde9gJk6LR8bG8sQ9j71sqX/SGXOOfCLRGxkCkkdEb3odZbMh
Z6zmF/hbZGLKbSFfZFyThhlF9KVNPGbE/4Yq4FajA6antAp26KMXYhzNdx5AFYjW6zFcezxmwXg4ho3TCZDYMd52seCKObkRK4U/dLMy
ubisKje1Ws54vBoulBf9IDSJna8VHPzyzgc4Wy3AjeYsjS8rN4jzYBSBk4h27WPgqtYvt4KODuQhh7l8TUee2b/22LJVk4ViLo8AX54FabMt
2A/WIvLP/O1YAymJEHxnxW0EnqYvsmIkFmdLEnfA4tJIB3+WjHn/msCRAGJ7xTTfnMIpDOgyxRdJVJAFDgJZxKod0eU7sTdwszY=
qFBNl/m/yXptfoYogNQJmJpRxiNQhWEWtak8PCKV972FREsAFJK3n8R4h+zktUs7M4DvQGhJV/jSde9gJk6LR8bG8sQ9j71sqX/SGXOOfCLRGxkCkkdEb3odZbMh
Z6zmF/hbZGLKbSFfZFyThhlF9KVNPGbE/4Yq4FajA6antAp26KMXYhzNdx5AFYjW6zFcezxmwXg4ho3TCZDYMd52seCKObkRK4U/dLMy
ubisKje1Ws54vBoulBf9IDSJna8VHPzyzgc4Wy3AjeYsjS8rN4jzYBSBk4h27WPgqtYvt4KODuQhh7l8TUee2b/22LJVk4ViLo8AX54FabMt
2A/WIvLP/O1YAymJEHxnxW0EnqYvsmIkFmdLEnfA4tJIB3+WjHn/msCRAGJ7xTTfnMIpDOgyxRdJVJAFDgJZxKod0eU7sTdwszY=
Kf40F130cK37qgKEVvq7z5lRxiNQhWEWtak8PCKV972FREsAFJK3n8R4h+zktUs7M4DvQGhJV/jSde9gJk6LR8bG8sQ9j71sqX/SGXOOfCLRGxkCkkdEb3odZbMh
Z6zmF/hbZGLKbSFfZFyThhlF9KVNPGbE/4Yq4FajA6antAp26KMXYhzNdx5AFYjW6zFcezxmwXg4ho3TCZDYMd52seCKObkRK4U/dLMy
ubisKje1Ws54vBoulBf9IDSJna8VHPzyzgc4Wy3AjeYsjS8rN4jzYBSBk4h27WPgqtYvt4KODuQhh7l8TUee2b/22LJVk4ViLo8AX54FabMt
2A/WIvLP/O1YAymJEHxnxW0EnqYvsmIkFmdLEnfA4tJIB3+WjHn/msCRAGJ7xTTfnMIpDOgyxRdJVJAFDgJZxKod0eU7sTdwszY=
qAI+nDG7MB0eeWpGzEOUmphRxiNQhWEWtak8PCKV972FREsAFJK3n8R4h+zktUs7M4DvQGhJV/jSde9gJk6LR8bG8sQ9j71sqX/SGXOOfCLRGxkCkkdEb3odZbMh
Z6zmF/hbZGLKbSFfZFyThhlF9KVNPGbE/4Yq4FajA6antAp26KMXYhzNdx5AFYjW6zFcezxmwXg4ho3TCZDYMd52seCKObkRK4U/dLMy
ubisKje1Ws54vBoulBf9IDSJna8VHPzyzgc4Wy3AjeYsjS8rN4jzYBSBk4h27WPgqtYvt4KODuQhh7l8TUee2b/22LJVk4ViLo8AX54FabMt
2A/WIvLP/O1YAymJEHxnxW0EnqYvsmIkFmdLEnfA4tJIB3+WjHn/msCRAGJ7xTTfnMIpDOgyxRdJVJAFDgJZxKod0eU7sTdwszY=
2LKukGkcCZDfAvtveOwHWJ9RxiNQhWEWtak8PCKV972FREsAFJK3n8R4h+zktUs7M4DvQGhJV/jSde9gJk6LR8bG8sQ9j71sqX/SGXOOfCLRGxkCkkdEb3odZbMh
Z6zmF/hbZGLKbSFfZFyThhlF9KVNPGbE/4Yq4FajA6antAp26KMXYhzNdx5AFYjW6zFcezxmwXg4ho3TCZDYMd52seCKObkRK4U/dLMy
ubisKje1Ws54vBoulBf9IDSJna8VHPzyzgc4Wy3AjeYsjS8rN4jzYBSBk4h27WPgqtYvt4KODuQhh7l8TUee2b/22LJVk4ViLo8AX54FabMt
2A/WIvLP/O1YAymJEHxnxW0EnqYvsmIkFmdLEnfA4tJIB3+WjHn/msCRAGJ7xTTfnMIpDOgyxRdJVJAFDgJZxKod0eU7sTdwszY=
EqXA2ZEdhSNTYa1sTbCoUJ5RxiNQhWEWtak8PCKV972FREsAFJK3n8R4h+zktUs7M4DvQGhJV/jSde9gJk6LR8bG8sQ9j71sqX/SGXOOfCLRGxkCkkdEb3odZbMh
Z6zmF/hbZGLKbSFfZFyThhlF9KVNPGbE/4Yq4FajA6antAp26KMXYhzNdx5AFYjW6zFcezxmwXg4ho3TCZDYMd52seCKObkRK4U/dLMy
ubisKje1Ws54vBoulBf9IDSJna8VHPzyzgc4Wy3AjeYsjS8rN4jzYBSBk4h27WPgqtYvt4KODuQhh7l8TUee2b/22LJVk4ViLo8AX54FabMt
2A/WIvLP/O1YAymJEHxnxW0EnqYvsmIkFmdLEnfA4tJIB3+WjHn/msCRAGJ7xTTfnMIpDOgyxRdJVJAFDgJZxKod0eU7sTdwszY=
FgbKEsG2vLRFdWXYS7PvhZ1RxiNQhWEWtak8PCKV972FREsAFJK3n8R4h+zktUs7M4DvQGhJV/jSde9gJk6LR8bG8sQ9j71sqX/SGXOOfCLRGxkCkkdEb3odZbMh
Z6zmF/hbZGLKbSFfZFyThhlF9KVNPGbE/4Yq4FajA6antAp26KMXYhzNdx5AFYjW6zFcezxmwXg4ho3TCZDYMd52seCKObkRK4U/dLMy
ubisKje1Ws54vBoulBf9IDSJna8VHPzyzgc4Wy3AjeYsjS8rN4jzYBSBk4h27WPgqtYvt4KODuQhh7l8TUee2b/22LJVk4ViLo8AX54FabMt
2A/WIvLP/O1YAymJEHxnxW0EnqYvsmIkFmdLEnfA4tJIB3+WjHn/msCRAGJ7xTTfnMIpDOgyxRdJVJAFDgJZxKod0eU7sTdwszY=
rBy2ejx6jzNZ5aBZgj7mUpxRxiNQhWEWtak8PCKV972FREsAFJK3n8R4h+zktUs7M4DvQGhJV/jSde9gJk6LR8bG8sQ9j71sqX/SGXOOfCLRGxkCkkdEb3odZbMh
Z6zmF/hbZGLKbSFfZFyThhlF9KVNPGbE/4Yq4FajA6antAp26KMXYhzNdx5AFYjW6zFcezxmwXg4ho3TCZDYMd52seCKObkRK4U/dLMy
ubisKje1Ws54vBoulBf9IDSJna8VHPzyzgc4Wy3AjeYsjS8rN4jzYBSBk4h27WPgqtYvt4KODuQhh7l8TUee2b/22LJVk4ViLo8AX54FabMt
2A/WIvLP/O1YAymJEHxnxW0EnqYvsmIkFmdLEnfA4tJIB3+WjHn/msCRAGJ7xTTfnMIpDOgyxRdJVJAFDgJZxKod0eU7sTdwszY=
hLDpw1Pk+lBO11zHM7chLS952xnPusrw5/v8Y1c0+diChEgtaPzTEabQvBWHOA/e1rCYQSNsBPcbyIBHbGhju+Ad7CSVlgCcgeVpYpxvNtwtZjqbTV9zfxNisyA=
Z6zmF/hbZGLKbSFfZFyThhlF9KVNPGbE/4Yq4FajA6antAp26KMXYhzNdx5AFYjW6zFcezxmwXg4ho3TCZDYMd52seCKObkRK4U/dLMy
ubisKje1Ws54vBoulBf9IDSJna8VHPzyzgc4Wy3AjeYsjS8rN4jzYBSBk4h27WPgqtYvt4KODuQhh7l8TUee2b/22LJVk4ViLo8AX54FabMt
2A/WIvLP/O1YAymJEHxnxW0EnqYvsmIkFmdLEnfA4tJIB3+WjHn/msCRAGJ7xTTfnMIpDOgyxRdJVJAFDgJZxKod0eU7sTdwszY=
rr9mj2AhnonHEfS0Cjcp4S552xnPusrw5/v8Y1c0+diChEgtaPzTEabQvBWHOA/e1rCYQSNsBPcbyIBHbGhju+Ad7CSVlgCcgeVpYpxvNtwtZjqbTV9zfxNisyA=
Z6zmF/hbZGLKbSFfZFyThhlF9KVNPGbE/4Yq4FajA6antAp26KMXYhzNdx5AFYjW6zFcezxmwXg4ho3TCZDYMd52seCKObkRK4U/dLMy
ubisKje1Ws54vBoulBf9IDSJna8VHPzyzgc4Wy3AjeYsjS8rN4jzYBSBk4h27WPgqtYvt4KODuQhh7l8TUee2b/22LJVk4ViLo8AX54FabMt
2A/WIvLP/O1YAymJEHxnxW0EnqYvsmIkFmdLEnfA4tJIB3+WjHn/msCRAGJ7xTTfnMIpDOgyxRdJVJAFDgJZxKod0eU7sTdwszY=
acRMD2luFeaSeyIu9p5qiyF52xnPusrw5/v8Y1c0+diChEgtaPzTEabQvBWHOA/e1rCYQSNsBPcbyIBHbGhju+Ad7CSVlgCcgeVpYpxvNtwtZjqbTV9zfxNisyA=
Z6zmF/hbZGLKbSFfZFyThhlF9KVNPGbE/4Yq4FajA6antAp26KMXYhzNdx5AFYjW6zFcezxmwXg4ho3TCZDYMd52seCKObkRK4U/dLMy
ubisKje1Ws54vBoulBf9IDSJna8VHPzyzgc4Wy3AjeYsjS8rN4jzYBSBk4h27WPgqtYvt4KODuQhh7l8TUee2b/22LJVk4ViLo8AX54FabMt
tjF/NXcCwcC6pRqSAhYsr1qx+kifPJNZyHKlMnTwpCs591BZNwyE/dZyuDP8LnGgWH4dW4kYSEk+LgEoyvHJyQu9L3yzOg==
iFd3dZCOY9lO1/Snr5+NEVqx+kifPJNZyHanPHTwpCs591BZNwyE/dZyuDP8LnGgWH4dW4kYSEk+LgEoyvHJyQu9L3yzOg==
atMqH+iRCOgJ2EB/Ohqq/0f6bkiAt39KIGIqGepNuV9cENtfX2IUIoKFp6Gguhym/xbRRAiuMOnBFdc4PjwdMd66iNo6XecpERULDzn3znoxykWz684umd6m1aYSIid+QrSnrfQApw+u2PfNKmygrd+y6olWOkqJlenjj52+ZUfU9IsjqzTPE7R5FeIaOoe3LzIky5J3vJGjs+c=
b2xf4zEVCqDDH4PsOJ54p5dW/wLJQ/Agt/t9Y47JX////zl11i4dZHk0Y7NjFLdDjPntMqJazycH8sz72hekIXuzPw==
kw11dv+MZFmi3uUTDEgfDujmkBegqlVZtjZBFwsoc8zNsNMqDd+wwJQSj7Ns7AFu4B4hVe/tWP7NtNw/Rd5aBdDcVkyjY4SiUsQ5dCKLz5VmHHQ1RjpwQby219vcUsn1iE4vvdgtM2xKSyMpdo9/vomKvZq6WCm33Hr55EiatU/JjGCtrmoJfGrlAU1b2Yeos+4=
a+K6AKjkDDzvLlKMdGsdnR5hpJUnE6jvXt87ajVlP4YeKiey9ikh7+/oJFluRv0NpHTbAzv037MEeWWCCvoXV/+yFKviN4wxc7M3
UnXWC+DIBSfq1xM+qTXaEzfV4vL36NM2V8nVOpp5U2epHx8aHX/Ntemwg0BOVRSlRuRRb28l1JRBTSVcOzqu3ahyWBdPYmB6teI6BHXfVcwx70qZ6x7kwnlL0cLaN2yPQm1dsxk=
JJIzpXrsZl/orR64TtFVD/aEJ1eNrSoBhh6IHc/VDwesVF1eWt65kPkuSkoYFZvhkQm2gJ9cU/lIlmdcdNDki7mXkHk3LESdVtL4E/xOsUDY3t07ifgI6b5OQcjK0Qlpi11vXLMa
6VWHrNEhYfXv0LtxPzB5EBd+YCxRRiViWuLBrAkSMvb4qeNdYbXOPF9gK8W4qh9glOycN0kr6MW3kDwhpm6ALxxyyXwo4qUHSURwVU7yOXQqbXFVe2EXYLMm
BSXlhP4U02lDHSh9uJnQEyppy9cvmVEZQ08tZlrmybgZBhoS2M3LiTHhBvgfpOOR6H63BDQINKPZv2BBNxS0tTb6KMu8FmGoeLZtwwmAuAEeJhEQColZQWt1H2SzIg==
/R2o7U+ARAEIFvL0y9dhZgNa5PIeq3ADdE8tZlrmybgZBhoS2M3LiTHhBvgfpOOR6H63BDQINKPZv2BBNxS0tTb6KMu8FmGoeLZtwwmAuAEeJhEQColZQWt1H2SzIg==
zGVYF2OxDxqRpb+QlvTeX3M1mRjFp93noeDaZE02kZyGhEg/f/eJC6qevwaHPwDEy7LEWmB9AfUsh/dWcHt+oPQd7CSVlgCcgeVpYpxvNtwtZjqbTV9zfxNisyA=
GuJ+HgWiwGP2PEMYSZgfktQsSNTivwWzXo8+L0jIu2fTWLFwyb/4me6b51gJPNwGLuUUAQXgwr1HfCwJLdqt9snNBkgfNPJT/mWJjtF2gxKh1OEOe7r/0mWq/YaDa5R6kpyp/MLDv61mJAR9prLgGXxux9P8mnmNCLaf9fglIzQKk7OhFkePhomyTVLa0LlvnCLp7GjSBbdJ9NBljmIZpKq9kcW7kfeQs9Y=
JJxNnLZfyW6buzKEyMQg3DPWhDtMX0/JmR9yGleWIf9YeSi5vRKB7RsLXz7SBtc4DlvNjHX4eWGNKOXiPOPpdbmcGDpxRxKXU7IjBUqMPoH4zfwhQh13N5e3sOYqb8XpbNPrlERKcC1L3QteN6tiv6hb/VKMFeXB6qx5N1bzP+nGGXXyUYZrAWxKjlpH6E9MizhFhEE0W21QAEKChV5qFatn5uoYrx4UxAOMEAvRNCzNp2hY4wfg46eOGs1fw/5RWwzJvBHAojbdtSwc5a7gpPHd6VrsV9bkXV76Iz3nk8dj2rOY
wAduqMKjsnDd7nEUhdDPm6GW7p5HQQJuNSdchFRluZigtafz1wW2RIukhaRXS/EDDGx80ZGGhkp4nUafCoHUGnH+FNypqez5W7ua3CHKMop8bLbciPu8Lc44aazyQWruUmsTys/stsFUsyGBJvYsOsoN5fKgCWpwNdHY8I6bCmR4FVW/Ixe6huPWBZEF+z85yZXTH+GXJiq5ik3DA67W6SamLdbqQs8OSvQv/Rxgfx92WC/d8syI/Vfy4jn+GnI5LelbP6WezffcNAPzg5SXA+z5TfJC2u9np/IsO/qXxGHbs58=
w3mwoDn0PISjtU2ONuIYn6o9pxtdZByLIF9xhEeyc+iHgyclgbkxHig5xrcBjXHXrgxHPj77VlmxGIYPk/8zmgUR3KshBgeLebyhWATPLRQ5Uy5I4aTdGRQWbOJlo4gSpsA/yh5fKX9HNDV50nG34WdjPNslk1PlC//WqwUo+1weFpGYGXxED6D3Ds5b8aXds1tOyNP/1oKGt5XyAMB3e6q9r78BOvSiBCfF7pobHgcpt9CTqQw3+02joIMK6WN9FWrHwC4CAkG9M7MjZxnk5f1LNs1JHBorbSnBG6nRjWF7vMthQPdrqLwFc9ILcjJ7FOxbA98axFRih7siezA6kZcv5Z9/Ckq9/4c81Bj+NMfPr/j8mA+/u2vti24WLy2xyKv0qOgFpVHKnPkHdmP/+SZpdYKxlquRTHoOamd4D1zryEV0ISQb/XAwwrKlzqoFSxfmmvi/3oTkMwwgK0F0PK1XaKiDF6Bzh76a/X9TPkG7fMnM8dBipv2FrCzFPqC0kS3pqoxHlnR9bnoTHXdT14Oqs+g=
sXuI34yDC4lixRj855cuctUcXHu9c9WPi49NV/PtKr8VE0cTcMM+q+290P5lkvTSZxacynjrhhKwaTG/FJ0OiNVt2Tgex4I37zvsG4FJszqeeSvzlm4Lpx0RzqZ7NFmLQix9PHXPWajWtfjFqb3yTMBDfs0GnHjDSv+SWTIucEtpv5Pkw8HrT1W4KIKKJuWl4LGiuV5Oy9WG2pV0mo2JLuGTVPDIn2z386jlRvoNJcRqqtjDErDwD5XbTN8uGBiEaOfyr/9Xc7hrvqZfjttI2cgwWrcO9g6PJVZ8X8QZIMewqY5hibtydv53r74Ye9kVQ0ZkPgl7ILlD6KOwysN5tfH+3u16NWypozYaXXqUf2ZvoDhFKnh/HvYzLBlAE5W4jkkeEl5E+55MeZYIwbFMqJLLpkxMlWGXj8emXnc2cWl5C1PR3VVHN80nmhINKlmbn/46gdKm2b4GElNWXlSbxaDQUzfimDs1njz0BSMSduHiyt4RGWlvFwnO0a9IVPeLf+R7a/i52dpualNfE1I442ZHqImvs+s=
HN5lNyGemuZm8a+eL/Y6HrwgN/6gRZRnY2MCxCrjrlxFXKXhZaGBXv5xdD/8IKP/1hs0/S7L04KQph/EvLUUI4IEFr/FBE13w59e1Hn6MyM2y0ute3wLB/du2+KXHZ328XYI/UXSzemu9h1mpS8QPBysiTEAtHIaX9QCvXEp476lFx6Dn+dTmXylmRHrk08V5qUp+jM6iowxxkVeXBnEPd5g10NNm8dhTvavvS40Ah1lPGzSf13+508hnVgsdCAt1QDWabaBnc0QbZUODw2JyRANprsrmwFw5x7yoJrXWXnjDWsrjCMJ8bZztd5iHWkDsVVFQwXHr2arf1wVM/4Yj+O8x4AafSAWG31jmHwiJm2LLFfi8vcDtUXBIyhSq5tN7HqUTNyBu5X4wuRNRw3vR3ugej0ll5zxFDZ0Z32H7pbp6ToRV3+SE7V8jZSTZ4gQvuTLKke6/9Jlqv2Gg2uUepKcqfzCw7+tZiQEfaay4Bl8bsfT/Jp5jQi2n/X4JSM0CpOzoRZHj4aJsk1S2tC5b5wi6exo0gW3SfTQZY5iGaSqvZHFu5H3kLPW
uKmythbUw4zY7K4G8RtJl2CPrIiMeOT+8tZAwkoJdSIg3NOWL72JWshm9P5NYbnVewotq2EARB/7A2EkdF2wqvj7po6YIZgjw2b49hUdX+1InhIhGqcRvdSH3wmtI8jTTSk/sjoJbwuqbjdfWWFqLvdUlUNmPHkkKY+FMFIlHA3lnf5EpHO6dXochHsOz3ZRPg68Aw0vF3yfATdXUagMysbGaS1EQWbBYk73rUIqMfwWbcVmxYNQ6BRfMG93OIEONi0pzI6anHvuMIy3Ueso1yI4VEyMd3Y3IxcvoG+ugpdCu8RRbEAeTzL2MndhJtjXSHnsD5S5innV+67ueudLdlRb1R0ndqCGdfvcAQfYR7jG47X9lW5adSb1sLGnJj4VNnTz7stQ/D0WeENmMsOIkczz2fCqWRoKgoSnBsjp8kANkUCgdvvi9LAVHS9L98JWexY9oZ2b10kBFRsvyTe+2sFK1RM7jn557qblRkJi997SNFcNhMBXL77Y560arBDNbzJ66Yb6Gqll6ZOvTf41p0R0O8MbdP/zpHkFwmp6dxdfsrRrwrds8ZOz1w==
uKmythbUw4zY7K4G8RtJl2CPrIiMeOT+8tZAwkoJdSIg3NOWL72JWshm9P5NYbnVewotq2EARB/7A2EkdF2wqvj7po6YIZgjw2b49hUdX+1InhIhGqcRvdSH3wmtI8jTTSk/sjoJbwuqbjdfWWFqLvdUlUNmPHkkKY+FMFIlHA3lnf5EpHO6dXochHsOz3ZRPg68Aw0vF3yfATdXUagMysbGaS1EQWbBYk73rUIqMfwWbcVmxYNQ6BRfMG93OIEONi0pzI6anHvuMIy3Ueso1yI4VEyMd3Y3IxcvoG+ugpdCu8RRbEAeTzL2MndhJtjXSHnsD5S5innV+67ueudLdlRb1R0ndqCGdfvcAQfYR7jG47X9lW5adSb1sLGnJj4VNnTz7stQ/D0WeENmMsOIkczz2fCqWRoKgoSnBsjp8kANkUCgdvvi9LAVHS9L98JWexY9oZ2b10kBFRsvyTe+2sFK1RM7jn557qblRkJi997SNFcNhMBXL77Y560arBDNbzJ66Yb6Gqll6ZOvTf41p0R0O8MbdP/zpHkFwmp6dxdfsrRrwrds8ZOz1w==
XoEUrl0G89SpSHS8af3513EEjoXFgsXeS0xYljwTiTessf9JnhjiAIdC0dCRn5Oq2z0r6ISK1Lbw1yFDp9tIbycsVeGmcsoGuHGiH0OiL6m3Xrto+Dpje852SKGNnyDuvcu7yRjqPQS/p1Q0ezBDr29kEO2uaU8NdMBW29ihsFxOr2znhFU0HpZnP+dVKHWhXcPTIL4ubJaj6TZphNVoTv25oAJDONw9b4J3C9J8fv/aOzXws2ocPSPIfLL+ryRwRmMzQ9pTqKj+KD6/NGPJN0W0baawc2jrDpUe6PzbuHa444OOqhOCKcbrprGIbb/bRLo4L/kS/stfmdXewlK/uxbVZfC1vMzzn5mnphghzFXaJSWujPGcJDkquXgeKRx4SXLQ6/pVBqNzFBjRmJ7oJE1SiiHAJCeBSqSE04AgelXX+ylfMNLxhpfFL1OVHes1cTvLP4w+6xof10kmnO1kJm/SoMqFGhhkfem2yFU71PgN+VhkoqnFovBtdFJ4fa+pWXsv1sejTmQRpym8vadO2W9W6PLF8/Xifq+wn47lmbPd
zj+JBoz9PvGkNgPuoIjwZ5o4hbK1y72ImJiq1LlIZ5ihvEIyEeLdN86KLvIBLPfqNsroQNlwio2fV7yE+M50N2//+Kw4//+Li70LvncL4t9oe/Z3S3VlYapMeVeWU78Jhjl10hFm66GsKo66B0jPLEsYRaSBVNvNEOBC4kX+6vXrR+bKWE+etARjjPBLcbRMDYdoeCNnYEPnbhqtn2N+sRssyZxRICKWHdUs/KUOYMQx9Oh6LDdWRB2++kP9RxMnI/qzuA==
rotGFhhwGobLZ736tXoBtD0yKF+CEo71CFcZQd+q8mwyNevWMBJuaTljQq4Pp/u9WneTHuyeowNXhMzHwQwj0bW7a/VI0z77FwA1B8tb4W9CEvgMqgod4xtdz5N+6QRoA4gQaXj6WGsZ3t3EVOU+4+tE8LFg7iCkjmYygej0v0EyVOwz2LAyVR9r8T/YognGD5UH8y0to7U5y7Pf5O5z2idn4QZEfawmp0J46i2qIKTlOd4oLcuceEXJ4MSK+V3iCB2cMqDtZ6kR63c2r1M2pIl3ARwFl49YpyYQki2jbaJGHxi/1nXRs5U=
7PtjzWYG01v2oT48/fMpAz0yKF+CEo71CFcZQd+q8mwyNevWMBJuaTljQq4Pp/u9WneTHuyeowNQhszHwQwj0bW7avVI0z77FwA1B8tb4W9CEvgMqgod4xtdz5N+6QRoA4gQaXj6WGsZ3t3EVOU+4+tE8LFg7iCkjmYygej0v0EyVOwz2LAyVR9r8T/YognGD5UH8y0to7U5y7Pf5O5z2idn4QZEfawmp0J46i2qIKTlOd4oLcuceEXJ4MSK+V3iCB2cMqDtZ6kR63c2r1M2pIl3ARwFl49YpyYQki2jbaJGHxi/1nXRs5U=
9+JpeUykRdBYQkcBCZ3OjD0yKF+CEo71CFcZQd+q8mwyNevWMBJuaTljQq4Pp/u9WneTHuyeowNXhMzHwQwj0bW7ZfVI0z77FwA1B8tb4W9CEvgMqgod4xtdz5N+6QRoA4gQaXj6WGsZ3t3EVOU+4+tE8LFg7iCkjmYygej0v0EyVOwz2LAyVR9r8T/YognGD5UH8y0to7U5y7Pf5O5z2idn4QZEfawmp0J46i2qIKTlOd4oLcuceEXJ4MSK+V3iCB2cMqDtZ6kR63c2r1M2pIl3ARwFl49YpyYQki2jbaJGHxi/1nXRs5U=
spTdlduN3nlSqBJ3flvlAD0yKF+CEo71CFcZQd+q8mwyNevWMBJuaTljQq4Pp/u9WneTHuyeowNQhszHwQwj0bW7ZPVI0z77FwA1B8tb4W9CEvgMqgod4xtdz5N+6QRoA4gQaXj6WGsZ3t3EVOU+4+tE8LFg7iCkjmYygej0v0EyVOwz2LAyVR9r8T/YognGD5UH8y0to7U5y7Pf5O5z2idn4QZEfawmp0J46i2qIKTlOd4oLcuceEXJ4MSK+V3iCB2cMqDtZ6kR63c2r1M2pIl3ARwFl49YpyYQki2jbaJGHxi/1nXRs5U=
IJk4lIlpe2rhu4fRpIeKJj0yKF+CEo71CFcZQd+q8mwyNevWMBJuaTljQq4Pp/u9WneTHuyeowNXhMzHwQwj0bW7Z/VI0z77FwA1B8tb4W9CEvgMqgod4xtdz5N+6QRoA4gQaXj6WGsZ3t3EVOU+4+tE8LFg7iCkjmYygej0v0EyVOwz2LAyVR9r8T/YognGD5UH8y0to7U5y7Pf5O5z2idn4QZEfawmp0J46i2qIKTlOd4oLcuceEXJ4MSK+V3iCB2cMqDtZ6kR63c2r1M2pIl3ARwFl49YpyYQki2jbaJGHxi/1nXRs5U=
SzJKSdr+XbtGRZHyE6hO1j0yKF+CEo71CFcZQd+q8mwyNevWMBJuaTljQq4Pp/u9WneTHuyeowNQhszHwQwj0bW7ZvVI0z77FwA1B8tb4W9CEvgMqgod4xtdz5N+6QRoA4gQaXj6WGsZ3t3EVOU+4+tE8LFg7iCkjmYygej0v0EyVOwz2LAyVR9r8T/YognGD5UH8y0to7U5y7Pf5O5z2idn4QZEfawmp0J46i2qIKTlOd4oLcuceEXJ4MSK+V3iCB2cMqDtZ6kR63c2r1M2pIl3ARwFl49YpyYQki2jbaJGHxi/1nXRs5U=
Lo+Gi/6DoFJOupYGgFukaj0yKF+CEo71CFcZQd+q8mwyNevWMBJuaTljQq4Pp/u9WneTHuyeowNXhMzHwQwj0bW7YfVI0z77FwA1B8tb4W9CEvgMqgod4xtdz5N+6QRoA4gQaXj6WGsZ3t3EVOU+4+tE8LFg7iCkjmYygej0v0EyVOwz2LAyVR9r8T/YognGD5UH8y0to7U5y7Pf5O5z2idn4QZEfawmp0J46i2qIKTlOd4oLcuceEXJ4MSK+V3iCB2cMqDtZ6kR63c2r1M2pIl3ARwFl49YpyYQki2jbaJGHxi/1nXRs5U=
aFMFCyL5MsAz/DvEhLeyHT0yKF+CEo71CFcZQd+q8mwyNevWMBJuaTljQq4Pp/u9WneTHuyeowNQhszHwQwj0bW7YPVI0z77FwA1B8tb4W9CEvgMqgod4xtdz5N+6QRoA4gQaXj6WGsZ3t3EVOU+4+tE8LFg7iCkjmYygej0v0EyVOwz2LAyVR9r8T/YognGD5UH8y0to7U5y7Pf5O5z2idn4QZEfawmp0J46i2qIKTlOd4oLcuceEXJ4MSK+V3iCB2cMqDtZ6kR63c2r1M2pIl3ARwFl49YpyYQki2jbaJGHxi/1nXRs5U=
fb3rs5v+06V7XjnbaUtlYz0yKF+CEo71CFcZQd+q8mwyNevWMBJuaTljQq4Pp/u9WneTHuyeowNXhMzHwQwj0bW7Y/VI0z77FwA1B8tb4W9CEvgMqgod4xtdz5N+6QRoA4gQaXj6WGsZ3t3EVOU+4+tE8LFg7iCkjmYygej0v0EyVOwz2LAyVR9r8T/YognGD5UH8y0to7U5y7Pf5O5z2idn4QZEfawmp0J46i2qIKTlOd4oLcuceEXJ4MSK+V3iCB2cMqDtZ6kR63c2r1M2pIl3ARwFl49YpyYQki2jbaJGHxi/1nXRs5U=
F8LZullf6uu/owmhB8P3dj0yKF+CEo71CFcZQd+q8mwyNevWMBJuaTljQq4Pp/u9WneTHuyeowNQhszHwQwj0bW7YvVI0z77FwA1B8tb4W9CEvgMqgod4xtdz5N+6QRoA4gQaXj6WGsZ3t3EVOU+4+tE8LFg7iCkjmYygej0v0EyVOwz2LAyVR9r8T/YognGD5UH8y0to7U5y7Pf5O5z2idn4QZEfawmp0J46i2qIKTlOd4oLcuceEXJ4MSK+V3iCB2cMqDtZ6kR63c2r1M2pIl3ARwFl49YpyYQki2jbaJGHxi/1nXRs5U=
88vzP8T/h2UpVvjSQYv1NT0yKF+CEo71CFcZQd+q8mwyNevWMBJuaTljQq4Pp/u9WneTHuyeowNXhMzHwQwj0bW7a/RI0z77FwA1B8tb4W9CEvgMqgod4xtdz5N+6QRoA4gQaXj6WGsZ3t3EVOU+4+tE8LFg7iCkjmYygej0v0EyVOwz2LAyVR9r8T/YognGD5UH8y0to7U5y7Pf5O5z2idn4QZEfawmp0J46i2qIKTlOd4oLcuceEXJ4MSK+V3iCB2cMqDtZ6kR63c2r1M2pIl3ARwFl49YpyYQki2jbaJGHxi/1nXRs5U=
Hw/WYXyWUsI0DV6isRW3Yj0yKF+CEo71CFcZQd+q8mwyNevWMBJuaTljQq4Pp/u9WneTHuyeowNQhszHwQwj0bW7avRI0z77FwA1B8tb4W9CEvgMqgod4xtdz5N+6QRoA4gQaXj6WGsZ3t3EVOU+4+tE8LFg7iCkjmYygej0v0EyVOwz2LAyVR9r8T/YognGD5UH8y0to7U5y7Pf5O5z2idn4QZEfawmp0J46i2qIKTlOd4oLcuceEXJ4MSK+V3iCB2cMqDtZ6kR63c2r1M2pIl3ARwFl49YpyYQki2jbaJGHxi/1nXRs5U=
dMvPEQlrqgFdXUWhi0hxNz0yKF+CEo71CFcZQd+q8mwyNevWMBJuaTljQq4Pp/u9WneTHuyeowNXhMzHwQwj0bW7ZfRI0z77FwA1B8tb4W9CEvgMqgod4xtdz5N+6QRoA4gQaXj6WGsZ3t3EVOU+4+tE8LFg7iCkjmYygej0v0EyVOwz2LAyVR9r8T/YognGD5UH8y0to7U5y7Pf5O5z2idn4QZEfawmp0J46i2qIKTlOd4oLcuceEXJ4MSK+V3iCB2cMqDtZ6kR63c2r1M2pIl3ARwFl49YpyYQki2jbaJGHxi/1nXRs5U=
B109xizVQqXKyr6GXmENvj0yKF+CEo71CFcZQd+q8mwyNevWMBJuaTljQq4Pp/u9WneTHuyeowNQhszHwQwj0bW7ZPRI0z77FwA1B8tb4W9CEvgMqgod4xtdz5N+6QRoA4gQaXj6WGsZ3t3EVOU+4+tE8LFg7iCkjmYygej0v0EyVOwz2LAyVR9r8T/YognGD5UH8y0to7U5y7Pf5O5z2idn4QZEfawmp0J46i2qIKTlOd4oLcuceEXJ4MSK+V3iCB2cMqDtZ6kR63c2r1M2pIl3ARwFl49YpyYQki2jbaJGHxi/1nXRs5U=
T4xUHLRfgrymEGRy1VIpAz0yKF+CEo71CFcZQd+q8mwyNevWMBJuaTljQq4Pp/u9WneTHuyeowNXhMzHwQwj0bW7Z/RI0z77FwA1B8tb4W9CEvgMqgod4xtdz5N+6QRoA4gQaXj6WGsZ3t3EVOU+4+tE8LFg7iCkjmYygej0v0EyVOwz2LAyVR9r8T/YognGD5UH8y0to7U5y7Pf5O5z2idn4QZEfawmp0J46i2qIKTlOd4oLcuceEXJ4MSK+V3iCB2cMqDtZ6kR63c2r1M2pIl3ARwFl49YpyYQki2jbaJGHxi/1nXRs5U=
SITpyUZGbMRbreXTIoxezD0yKF+CEo71CFcZQd+q8mwyNevWMBJuaTljQq4Pp/u9WneTHuyeowNQhszHwQwj0bW7ZvRI0z77FwA1B8tb4W9CEvgMqgod4xtdz5N+6QRoA4gQaXj6WGsZ3t3EVOU+4+tE8LFg7iCkjmYygej0v0EyVOwz2LAyVR9r8T/YognGD5UH8y0to7U5y7Pf5O5z2idn4QZEfawmp0J46i2qIKTlOd4oLcuceEXJ4MSK+V3iCB2cMqDtZ6kR63c2r1M2pIl3ARwFl49YpyYQki2jbaJGHxi/1nXRs5U=
OdZJ4vxOrjPTegtiRB7s7j0yKF+CEo71CFcZQd+q8mwyNevWMBJuaTljQq4Pp/u9WneTHuyeowNXhMzHwQwj0bW7YfRI0z77FwA1B8tb4W9CEvgMqgod4xtdz5N+6QRoA4gQaXj6WGsZ3t3EVOU+4+tE8LFg7iCkjmYygej0v0EyVOwz2LAyVR9r8T/YognGD5UH8y0to7U5y7Pf5O5z2idn4QZEfawmp0J46i2qIKTlOd4oLcuceEXJ4MSK+V3iCB2cMqDtZ6kR63c2r1M2pIl3ARwFl49YpyYQki2jbaJGHxi/1nXRs5U=
tEzGoNMkZKM0F8OFbBYiNj0yKF+CEo71CFcZQd+q8mwyNevWMBJuaTljQq4Pp/u9WneTHuyeowNQhszHwQwj0bW7YPRI0z77FwA1B8tb4W9CEvgMqgod4xtdz5N+6QRoA4gQaXj6WGsZ3t3EVOU+4+tE8LFg7iCkjmYygej0v0EyVOwz2LAyVR9r8T/YognGD5UH8y0to7U5y7Pf5O5z2idn4QZEfawmp0J46i2qIKTlOd4oLcuceEXJ4MSK+V3iCB2cMqDtZ6kR63c2r1M2pIl3ARwFl49YpyYQki2jbaJGHxi/1nXRs5U=
YePIsrUiDbUyloLx/D5q8T0yKF+CEo71CFcZQd+q8mwyNevWMBJuaTljQq4Pp/u9WneTHuyeowNXhMzHwQwj0bW7Y/RI0z77FwA1B8tb4W9CEvgMqgod4xtdz5N+6QRoA4gQaXj6WGsZ3t3EVOU+4+tE8LFg7iCkjmYygej0v0EyVOwz2LAyVR9r8T/YognGD5UH8y0to7U5y7Pf5O5z2idn4QZEfawmp0J46i2qIKTlOd4oLcuceEXJ4MSK+V3iCB2cMqDtZ6kR63c2r1M2pIl3ARwFl49YpyYQki2jbaJGHxi/1nXRs5U=
R8ijPwBGL0/K3Tj/CMY4hj0yKF+CEo71CFcZQd+q8mwyNevWMBJuaTljQq4Pp/u9WneTHuyeowNQhszHwQwj0bW7YvRI0z77FwA1B8tb4W9CEvgMqgod4xtdz5N+6QRoA4gQaXj6WGsZ3t3EVOU+4+tE8LFg7iCkjmYygej0v0EyVOwz2LAyVR9r8T/YognGD5UH8y0to7U5y7Pf5O5z2idn4QZEfawmp0J46i2qIKTlOd4oLcuceEXJ4MSK+V3iCB2cMqDtZ6kR63c2r1M2pIl3ARwFl49YpyYQki2jbaJGHxi/1nXRs5U=
M6pbwWwOeF6jUEOx863JLQyWxxoKVKZa9MzR/CUay//VUbhuCEVDd5ASGbjrQWOHrdav0fsRDeI1Jibsn1OnNrmA2KWnQ65u7pIIUITgCmC98jE52iTAYZvgPxRyNFVm21mq23aAXpEPHST+p1A3L6dvcD6a96WxXMvrjHQSELX7BcuGB7MC5xjDfco8TYXZ2nS57+ZrX7H2AXXqYd4LmdySToJ38C8UO6DFHPFsO3Vg2IJaNcYKTZt/5vIo936MdNtMyDvJVHR9P+jAU1+A+5dW2hXvW54JaxTJpCGYwq5tbezE1baA/EFMaMJcD7b8bYY6+41/859TwrOA
5BJuphRV0W3mnRAnhz/fhz0yKF+CEo71CFcZQd+q8mwyNevWMBJuaTljQq4Pp/u9WneTHuyeowNQhszHwQwj0bW7a/tI0z77FwA1B8tb4W9CEvgMqgod4xtdz5N+6QRoA4gQaXj6WGsZ3t3EVOU+4+tE8LFg7iCkjmYygej0v0EyVOwz2LAyVR9r8T/YognGD5UH8y0to7U5y7Pf5O5z2idn4QZEfawmp0J46i2qIKTlOd4oLcuceEXJ4MSK+V3iCB2cMqDtZ6kR63c2r1M2pIl3ARwFl49YpyYQki2jbaJGHxi/1nXRs5U=
73glOG/Zzd7Z2Ad1xy5xzIaz72uldUfwtbBJ8foStx5ApPrEmjFPg88H3/DyLH65Y/MfM5DjojTYNrcs+v1HIbnfo+oUULxr2M8+HNl6YnD2wF3ZehmirmaLA2tEzGOO38U76cBc7rn9i3Dd655QLFj/h2NbBJNd+j3U9V24OFOt8waySU1S5cfLmlc1OIUgA5PgtB7AI16XjrdWJa61MlMffN6yuMEI0vc36WZgjEm2Rog9XMovpywuMYlIMtfBKFHLEKo321WG84fCCfZF5kok0cs8BgGYuOZNOgjwmNFeFvEAipn5Maulf9Szkg==
M6pbwWwOeF6jUEOx863JLQyWxxoKVKZa9MzR/CUay//VUbhuCEVDd5ASGbjrQWOHrdav0fsRDeI1Jibsn1OnNrmA2KWnQ65u7pIIUITgCmC98jE52iTAYZvgPxRyNFVm21mq23aAXpEPHST+p1A3L6dvcD6a96WxXMvrjHQSELX7BcuGB7MC5xjDfco8TYXZ2nS57+ZrX7H2AXXqYd4LmdySToJ38C8UO6DFHPFsO3Vg2IJaNcYKTZt/5vIo936MdNtMyDvJVHR9P+jAU1+A+5dW2hXvW54JaxTJpCGYwq5tbezE1baA/EFMaMJcD7b8bYY6+41/859TwrOA
73glOG/Zzd7Z2Ad1xy5xzIaz72uldUfwtbBJ8foStx5ApPrEmjFPg88H3/DyLH65Y/MfM5DjojTYNrcs+v1HIbnfo+oUULxr2M8+HNl6YnD2wF3ZehmirmaLA2tEzGOO38U76cBc7rn9i3Dd655QLFj/h2NbBJNd+j3U9V24OFOt8waySU1S5cfLmlc1OIUgA5PgtB7AI16XjrdWJa61MlMffN6yuMEI0vc36WZgjEm2Rog9XMovpywuMYlIMtfBKFHLEKo321WG84fCCfZF5kok0cs8BgGYuOZNOgjwmNFeFvEAipn5Maulf9Szkg==
M6pbwWwOeF6jUEOx863JLQyWxxoKVKZa9MzR/CUay//VUbhuCEVDd5ASGbjrQWOHrdav0fsRDeI1Jibsn1OnNrmA2KWnQ65u7pIIUITgCmC98jE52iTAYZvgPxRyNFVm21mq23aAXpEPHST+p1A3L6dvcD6a96WxXMvrjHQSELX7BcuGB7MC5xjDfco8TYXZ2nS57+ZrX7H2AXXqYd4LmdySToJ38C8UO6DFHPFsO3Vg2IJaNcYKTZt/5vIo936MdNtMyDvJVHR9P+jAU1+A+5dW2hXvW54JaxTJpCGYwq5tbezE1baA/EFMaMJcD7b8bYY6+41/859TwrOA
73glOG/Zzd7Z2Ad1xy5xzIaz72uldUfwtbBJ8foStx5ApPrEmjFPg88H3/DyLH65Y/MfM5DjojTYNrcs+v1HIbnfo+oUULxr2M8+HNl6YnD2wF3ZehmirmaLA2tEzGOO38U76cBc7rn9i3Dd655QLFj/h2NbBJNd+j3U9V24OFOt8waySU1S5cfLmlc1OIUgA5PgtB7AI16XjrdWJa61MlMffN6yuMEI0vc36WZgjEm2Rog9XMovpywuMYlIMtfBKFHLEKo321WG84fCCfZF5kok0cs8BgGYuOZNOgjwmNFeFvEAipn5Maulf9Szkg==
M6pbwWwOeF6jUEOx863JLQyWxxoKVKZa9MzR/CUay//VUbhuCEVDd5ASGbjrQWOHrdav0fsRDeI1Jibsn1OnNrmA2KWnQ65u7pIIUITgCmC98jE52iTAYZvgPxRyNFVm21mq23aAXpEPHST+p1A3L6dvcD6a96WxXMvrjHQSELX7BcuGB7MC5xjDfco8TYXZ2nS57+ZrX7H2AXXqYd4LmdySToJ38C8UO6DFHPFsO3Vg2IJaNcYKTZt/5vIo936MdNtMyDvJVHR9P+jAU1+A+5dW2hXvW54JaxTJpCGYwq5tbezE1baA/EFMaMJcD7b8bYY6+41/859TwrOA
73glOG/Zzd7Z2Ad1xy5xzIaz72uldUfwtbBJ8foStx5ApPrEmjFPg88H3/DyLH65Y/MfM5DjojTYNrcs+v1HIbnfo+oUULxr2M8+HNl6YnD2wF3ZehmirmaLA2tEzGOO38U76cBc7rn9i3Dd655QLFj/h2NbBJNd+j3U9V24OFOt8waySU1S5cfLmlc1OIUgA5PgtB7AI16XjrdWJa61MlMffN6yuMEI0vc36WZgjEm2Rog9XMovpywuMYlIMtfBKFHLEKo321WG84fCCfZF5kok0cs8BgGYuOZNOgjwmNFeFvEAipn5Maulf9Szkg==
M6pbwWwOeF6jUEOx863JLQyWxxoKVKZa9MzR/CUay//VUbhuCEVDd5ASGbjrQWOHrdav0fsRDeI1Jibsn1OnNrmA2KWnQ65u7pIIUITgCmC98jE52iTAYZvgPxRyNFVm21mq23aAXpEPHST+p1A3L6dvcD6a96WxXMvrjHQSELX7BcuGB7MC5xjDfco8TYXZ2nS57+ZrX7H2AXXqYd4LmdySToJ38C8UO6DFHPFsO3Vg2IJaNcYKTZt/5vIo936MdNtMyDvJVHR9P+jAU1+A+5dW2hXvW54JaxTJpCGYwq5tbezE1baA/EFMaMJcD7b8bYY6+41/859TwrOA
73glOG/Zzd7Z2Ad1xy5xzIaz72uldUfwtbBJ8foStx5ApPrEmjFPg88H3/DyLH65Y/MfM5DjojTYNrcs+v1HIbnfo+oUULxr2M8+HNl6YnD2wF3ZehmirmaLA2tEzGOO38U76cBc7rn9i3Dd655QLFj/h2NbBJNd+j3U9V24OFOt8waySU1S5cfLmlc1OIUgA5PgtB7AI16XjrdWJa61MlMffN6yuMEI0vc36WZgjEm2Rog9XMovpywuMYlIMtfBKFHLEKo321WG84fCCfZF5kok0cs8BgGYuOZNOgjwmNFeFvEAipn5Maulf9Szkg==
M6pbwWwOeF6jUEOx863JLQyWxxoKVKZa9MzR/CUay//VUbhuCEVDd5ASGbjrQWOHrdav0fsRDeI1Jibsn1OnNrmA2KWnQ65u7pIIUITgCmC98jE52iTAYZvgPxRyNFVm21mq23aAXpEPHST+p1A3L6dvcD6a96WxXMvrjHQSELX7BcuGB7MC5xjDfco8TYXZ2nS57+ZrX7H2AXXqYd4LmdySToJ38C8UO6DFHPFsO3Vg2IJaNcYKTZt/5vIo936MdNtMyDvJVHR9P+jAU1+A+5dW2hXvW54JaxTJpCGYwq5tbezE1baA/EFMaMJcD7b8bYY6+41/859TwrOA
73glOG/Zzd7Z2Ad1xy5xzIaz72uldUfwtbBJ8foStx5ApPrEmjFPg88H3/DyLH65Y/MfM5DjojTYNrcs+v1HIbnfo+oUULxr2M8+HNl6YnD2wF3ZehmirmaLA2tEzGOO38U76cBc7rn9i3Dd655QLFj/h2NbBJNd+j3U9V24OFOt8waySU1S5cfLmlc1OIUgA5PgtB7AI16XjrdWJa61MlMffN6yuMEI0vc36WZgjEm2Rog9XMovpywuMYlIMtfBKFHLEKo321WG84fCCfZF5kok0cs8BgGYuOZNOgjwmNFeFvEAipn5Maulf9Szkg==
M6pbwWwOeF6jUEOx863JLQyWxxoKVKZa9MzR/CUay//VUbhuCEVDd5ASGbjrQWOHrdav0fsRDeI1Jibsn1OnNrmA2KWnQ65u7pIIUITgCmC98jE52iTAYZvgPxRyNFVm21mq23aAXpEPHST+p1A3L6dvcD6a96WxXMvrjHQSELX7BcuGB7MC5xjDfco8TYXZ2nS57+ZrX7H2AXXqYd4LmdySToJ38C8UO6DFHPFsO3Vg2IJaNcYKTZt/5vIo936MdNtMyDvJVHR9P+jAU1+A+5dW2hXvW54JaxTJpCGYwq5tbezE1baA/EFMaMJcD7b8bYY6+41/859TwrOA
73glOG/Zzd7Z2Ad1xy5xzIaz72uldUfwtbBJ8foStx5ApPrEmjFPg88H3/DyLH65Y/MfM5DjojTYNrcs+v1HIbnfo+oUULxr2M8+HNl6YnD2wF3ZehmirmaLA2tEzGOO38U76cBc7rn9i3Dd655QLFj/h2NbBJNd+j3U9V24OFOt8waySU1S5cfLmlc1OIUgA5PgtB7AI16XjrdWJa61MlMffN6yuMEI0vc36WZgjEm2Rog9XMovpywuMYlIMtfBKFHLEKo321WG84fCCfZF5kok0cs8BgGYuOZNOgjwmNFeFvEAipn5Maulf9Szkg==
M6pbwWwOeF6jUEOx863JLQyWxxoKVKZa9MzR/CUay//VUbhuCEVDd5ASGbjrQWOHrdav0fsRDeI1Jibsn1OnNrmA2KWnQ65u7pIIUITgCmC98jE52iTAYZvgPxRyNFVm21mq23aAXpEPHST+p1A3L6dvcD6a96WxXMvrjHQSELX7BcuGB7MC5xjDfco8TYXZ2nS57+ZrX7H2AXXqYd4LmdySToJ38C8UO6DFHPFsO3Vg2IJaNcYKTZt/5vIo936MdNtMyDvJVHR9P+jAU1+A+5dW2hXvW54JaxTJpCGYwq5tbezE1baA/EFMaMJcD7b8bYY6+41/859TwrOA
73glOG/Zzd7Z2Ad1xy5xzIaz72uldUfwtbBJ8foStx5ApPrEmjFPg88H3/DyLH65Y/MfM5DjojTYNrcs+v1HIbnfo+oUULxr2M8+HNl6YnD2wF3ZehmirmaLA2tEzGOO38U76cBc7rn9i3Dd655QLFj/h2NbBJNd+j3U9V24OFOt8waySU1S5cfLmlc1OIUgA5PgtB7AI16XjrdWJa61MlMffN6yuMEI0vc36WZgjEm2Rog9XMovpywuMYlIMtfBKFHLEKo321WG84fCCfZF5kok0cs8BgGYuOZNOgjwmNFeFvEAipn5Maulf9Szkg==
M6pbwWwOeF6jUEOx863JLQyWxxoKVKZa9MzR/CUay//VUbhuCEVDd5ASGbjrQWOHrdav0fsRDeI1Jibsn1OnNrmA2KWnQ65u7pIIUITgCmC98jE52iTAYZvgPxRyNFVm21mq23aAXpEPHST+p1A3L6dvcD6a96WxXMvrjHQSELX7BcuGB7MC5xjDfco8TYXZ2nS57+ZrX7H2AXXqYd4LmdySToJ38C8UO6DFHPFsO3Vg2IJaNcYKTZt/5vIo936MdNtMyDvJVHR9P+jAU1+A+5dW2hXvW54JaxTJpCGYwq5tbezE1baA/EFMaMJcD7b8bYY6+41/859TwrOA
73glOG/Zzd7Z2Ad1xy5xzIaz72uldUfwtbBJ8foStx5ApPrEmjFPg88H3/DyLH65Y/MfM5DjojTYNrcs+v1HIbnfo+oUULxr2M8+HNl6YnD2wF3ZehmirmaLA2tEzGOO38U76cBc7rn9i3Dd655QLFj/h2NbBJNd+j3U9V24OFOt8waySU1S5cfLmlc1OIUgA5PgtB7AI16XjrdWJa61MlMffN6yuMEI0vc36WZgjEm2Rog9XMovpywuMYlIMtfBKFHLEKo321WG84fCCfZF5kok0cs8BgGYuOZNOgjwmNFeFvEAipn5Maulf9Szkg==
cS9w9zm3jyK754rSPcbmWl9Cv01iAHrehzyg3SQ9nqN8ygwQ4jDd6sAgFxkMlO+7g/e1k1xBOhIrtiIgH4bHWyjN9qqXuJSMkX+QexZhRDV0loJEPIYBGLhmTboJcJVWXpbxgIoZ+bGrJX9UsxI=
ysWCeNYqv+0jTzXWUTH5Jjj1xtVgYbHFXBwhqlqw5ROwhe7qvPYhCPjWreoJoPXmnobRcAqpGaHr1d8Es0I=
fKTXec0w7Q6cFix20us1g047Lhj+hsWEkPB1AQPIvf3TOlC0+zJ5l6WM5dHazdWt/Ec6e1gUOGAt90P0E0/X9YzcEMjx75G+Y31athh2QKbSULvsLxSf+weEczupOYGHYUrr77uSEPO+pyB5V7MT
AF2sw8h1ZjcTpbJvrdWEclhECLguGIjbKjD5R0k6kcc0lKjAwZTPGzfE45vZObHn8Yqbz2sSoBOu59DZB7ND
Dr5gunuVO4SyCPIBhgpyz8ZXpfVrSI23DVYHlyCKI+3Sn7S0ikNy7JQXEya6Hj0R0Tdj7caPezzJX/eSufxp4eKEBgDVMYDvm+daIyi0VBqxMPrUvX0d8v4fjfl5EiCPHTU84aZv8zKVgs7Yc5UmLMZGebm7ClDb4C/qQJNYDS+o9nf6Y99tlhi1iCaDiiR6oRJkhOEhktiRQzi4IcEc9MZh2YJM5ZAifCUDKfWjKyajK/JEDe/NLHmfaxkDo6vi4btpgoKnlC8KPfWzsQ==
8hWzzcWt24STTN8hMcGkvtXiR7F9c2m0NQD1eaV9kXxAADjHb61HhzRs3hvRbCwFcNqOyhfec5lGVLf70JSetZ7D1Jx0EOcliueR41gjKrBeErskyMTPaTfaFHuv2Vv2Sqc3Yc6xlLu5+t/GDJix0WzkjJLL6Ule+nOKy0jgMTznhwJiBWrRS+cekjEKpgEOrvIrhtYUk7U4cHsnmhiDJXZcbDUr0v4x2uo2YcFpN+dh7un/wBT/u+cEE3tJOSHHQcrLrxuSsLOeJwA597Oz
Wzf8u2UovtWoDg19mC2+u7cQFzSvtOLUXVP3jr/B3Y0r+moOJiIxi0k79XKGCKKebGCY+jzCLYWhMJAMGCgn9FZqAo+Ibq8FaxRl26OrMtmWNqpDTDbziEZh7RxJyoTdE6qfVQk90VZWeiBvOBBzi4AhPKABEOQlD199GxBA7lDT/zy+spiBqFJXd8lmQMzpNubIHVyqb0esTnFpSFIXIagxC/CqFxv1BlNH4gnWhUbKhBHrPObB+DgGjVoJENW23vaxYIq5uZErBT/0s7I=
+Y6U7kEIZo2mbo5iHrkGercQFzSvtOLUXVP3jr/B3Y0r+moOJiIxjUk79XKACKKebGCY+jzCLYWhMJAMND8n/UpkFY+Ibq8FaxRl26OrMtmWNqpDTDbziEZh7RxJyoTdE6qfVQk90VZWeiBvOBBzi4AhPKABEOQlD199GxBA7lDT/zy+spiBqFJXd8lmQMzpNubIHVyqb0esTnFpSFIXIagxC/CqFxv1BlNH4gnWhUbKhBHrPObB+DgGjVoJENW23vaxYIq5uZErBT/0s7I=
8IjLtRqtUF0N+CPXVdQ3GZOZRPTJsK8yXGGnflNmzC2IcrOAl/UJ+mBRyH1/IdbdihtTNXmBSo8GNZ1OYiMlAzskRFcU/Zhgow9jEmHZo7UOw+4gnlG8WN+iLofJPqm0WOdLXMtn2XMdHB68ZK34To/ROPdIcrG+CE+n+Rn5sP5yKktJqEwiFg0i2tHzS+becHPOcHyPLETD7UQo1csorEubcEffQvrZVz/OFYOgSQj5nPLS5bkMyK0SECBpOCkuyUzGwKUSmre1myMDO/azrA==
LIsebpUtytHbxnoeTyoUUrcQFzSvtOLUXVP3jr/B3Y0r+moOJiIxjUk79XKACKKebGCY+jzCLYWhMJAMGCgn6ktrCI+Ibq8FaxRl26OrMtmWNqpDTDbziEZh7RxJyoTdE6qfVQk90VZWeiBvOBBzi4AhPKABEOQlD199GxBA7lDT/zy+spiBqFJXd8lmQMzpNubIHVyqb0esTnFpSFIXIagxC/CqFxv1BlNH4gnWhUbKhBHrPObB+DgGjVoJENW23vaxYIq5uZErBT/0s7I=
zYUWbCM855fbA2WQiWzjqJOZRPTJsK8yXGGnflNmzC2IcrOAl/UJ/GBRyH15IdbdihtTNXmBSo8GNZ1OcyUnFj8wRFcU/Zhgow9jEmHZo7UOw+4gnlG8WN+iLofJPqm0WOdLXMtn2XMdHB68ZK34To/ROPdIcrG+CE+n+Rn5sP5yKktJqEwiFg0i2tHzS+becHPOcHyPLETD7UQo1csorEubcEffQvrZVz/OFYOgSQj5nPLS5bkMyK0SECBpOCkuyUzGwKUSmre1myMDO/azrA==
hp1d6rY1FM7nPvHWFbpM/MZXpfVrSI23DVYHlyCKI+3Sn7S0ikNy6oVPSzasFWlO1jR2xIDsPH7eB+DSvc5u9/eZBgDVMYDvm+daIyi0VBqxMPrUvX0d8v4fjfl5EiCPHTU84aZv8zKVgs7Yc5UmLMZGebm7ClDb4C/qQJNYDS+o9nf6Y99tlhi1iCaDiiR6oRJkhOEhktiRQzi4IcEc9MZh2YJM5ZAifCUDKfWjKyajK/JEDe/NLHmfaxkDo6vi4btpgoKnlC8KPfWzsQ==
2e9UCayVxqZ7TcuClXSdvcZXpfVrSI23DVYHlyCKI+3Sn7S0ikNy6oVPSzasFWlO1jR2xIDsPH7eB+DStN1k6vebBgDVMYDvm+daIyi0VBqxMPrUvX0d8v4fjfl5EiCPHTU84aZv8zKVgs7Yc5UmLMZGebm7ClDb4C/qQJNYDS+o9nf6Y99tlhi1iCaDiiR6oRJkhOEhktiRQzi4IcEc9MZh2YJM5ZAifCUDKfWjKyajK/JEDe/NLHmfaxkDo6vi4btpgoKnlC8KPfWzsQ==
ulETvfppJPeFbVgx3o7kqsrmgzagdknn82RFyFPR0nlDamTtXZXa8OENv3+2lUppGbO3/vFDXMH8JAsx8VlIv2576GGunT6zWPCLDZ6XhdtEIzaISmKvDKQk40HDiiCj0xnnrr73g4miETjTLUpLPpAYLan4VBh6Z0mlNk6j/hP0oM1k01d2SikKPWPz7oYJFqYdNroCP646dL+dTKBPf2ZYP/0CjNhdx3JS2U5aohld6asf9V59l2y0k1NTVOcj9fldH3WaP4c3ctybilcUAeuzrw==
c5AQGzHTAAS5ZHnFq4qfB19Cv01iAHrehzyg3SQ9nqN8ygwQ4jCv5aMfQ1ZNhfW62KKvhFdbKz8rgDcVXqiEHinZ0Zy3uJSMkX+QexZhRDV0loJEPIYBGLhmTbsOcJRWXpbxgIoZ+bGrJX9UsxI=
wG9Idk4bRpLaA2IS7XdZ0yEaaCOSBzCv/Q8U2mVoGo7ZKYiz2tiM2A0i0PCJyS6+6PyGkMViGqcVq+PT2wazPA==
YdTBj6PgJpUnkL4EJDO1K047Lhj+hsWEkPB1AQPIvf3TOlC0+zJ55arv2oWVjcS2/RxvYU8fInEA93XhJg75tsndBO/Hz5G+Y31athh2QKbSULvsLxSf+weEczuoPoGGYUrr77uSEPO+pyB5V7MT
HNgz+ta/qljUkzC4ElMOsAH7Sbx2RFDo9idUyIe7N/rvO0ps1jy/ZLHnSTydZ6bezxqPcuUzFeLe79AfriV5sz0=
ZX24SI7mjMHp4LpaepCZqx5Hv4TlKbNgzVqOF+Q6ueYUV7yon6s/+ucrQ42ywdak6TfhnCXXKVlHaXcSDWPNoubf+D+2NXGzNQ==
ItF5PHgScB9Rm4XKQE2HghCokA9YH/yeiTVZH49BZOugkYwzi2OwKE53qelsUPnG2tw9ToGl+/fcOnmkSFo1gMnM7+quqom8aiWBDVuZB2izLg==
EniU18kHGOOUgowP4sJi+2jhoud/c3PLx3lYrocNblgAKijz8vewP12/1IqFGBqe+RvGa605DEitkhCgab4prsvMxkClkpo3tRsjgzt2syw=
N5XT6mRIK0TNT+9s+T7nXRFHv4TlKbNgzVqOF+Q6ueYUV7yon6s/+ucrQ42ywdak6TfhnCXXKVlHaXcSDWPNoubf+D+2NXGzNQ==
PgEhC0lNkC9OfuXNcMkWcRCokABYH/yeiTVZH49OZOugkYwzi2OwKE53qelsUPnG2tw9ToGl+/fcOnmkSFo1gMnM7+quqom8aiWBDVuZB2izLg==
eRvEonrFawhyIDiwM/kF3Wjhoud/c3PLx3lYrocNblgPKijz8vewP12/1IqFGBqe+RvGa605DEitkhCgab4prsvMxkClkpo3tRsjgzt2syw=
q/6NhOuFEb/qupPitYjuPN7fEUthsDAuTiLZgzGs8CgVVHgDoRl9xOdZNJdEOQsNWgtjZPHd0e+8zZ6P61247icKl6VaUxk/TwI9BQQKwr+JnYwo5dDx5EHHWfwtB3LYn7l/MvXTpWIOz6DfPkVJsw0=
Y/MtZPzhRbn5ULrilHjAI97fEUthsDAuTiLZgzGs8CgVVHgDoRl9y+dZNJdEOQsNWgpjZPHd0e+8zZ6P61247icKl6VaUxk/TwI9BQQKwr+JnYwo5dDx5EHHWfwtB3bfn7l/MvXTpWIOz6DfPkVJsw0=
88y0NQGs2OXOKq2x3NhTmBg8S7XdgKOGIK9KZleW2gtyENF3cTqp9w21fJ0Y1Adrz6QLC0G/KXRZKiN/I9Low/YHuCl/szs=
e/BFV0Iw1IJ+frFv/i7Pbl4Ds/lmCl6XsNEjvmDNNO/7vwh0rusRdRzMQVpaQIXS8TlDazxmwXg4ho3aD5DWNt52seCKObkRK4U/dLMy
SkO6dojf+IDDV4C47aewMiNitoJpaTTbusFs6x+nVef5hSZF4PERdRzMQVpaQIXB/j1ZazxmwXg4ho3aD5DWNt52seCKObkRK4U/dLMy
HuxlBJzv50dXK4V0mPM4nBc8S7XdgKOGIK9KZleW2gtyENF3cTqp9w21fJ0Y1Adrz6QLC0G/KXRZKiN/I9Low/YHuCl/szs=
DBXvJLPI7T0NucaCBg8YuV4Ds/ZmCl6XsNEjsWDNNO/7vwh0rusRdRzMQVpaQIXS8TlDazxmwXg4ho3aD5DWNt52seCKObkRK4U/dLMy
sxBjUC3qRcGFQf59v42Q0yNitoJpaTTbusFs6x+nVef2hSZF4PERdRzMQVpaQIXB/j1ZazxmwXg4ho3aD5DWNt52seCKObkRK4U/dLMy
Uq2lwkrQP3KWXgYyTmTb9d7fEUthsDAuTiLZgzGs8CgVVHgDoRl9xOcrO/R7bURMSxFiP6THxuSm3LOP3UiNrwlJ0qROdC8fTwI9BQQKwr+JnYwo5dDx5EHHWfwtB3fen7h/MvXTpWIOz6DfPkVJsw0=
iydeLZkN+VkLBvcdmTdEk97fEUthsDAuTiLZgzGs8CgVVHgDoRl9y+crO/R7bURNSxFiP6THxuSm3LOP3UiNrwlJ0qROdC8fTwI9BQQKwr+JnYwo5dDx5EHHWfwtB3Hen7h/MvXTpWIOz6DfPkVJsw0=
